[2023-12-31 11:55:06,140][torch.distributed.nn.jit.instantiator][INFO] - Created a temporary directory at /tmp/tmph3ou820t
[2023-12-31 11:55:06,141][torch.distributed.nn.jit.instantiator][INFO] - Writing /tmp/tmph3ou820t/_remote_module_non_scriptable.py
[2023-12-31 11:55:06,233][torch.distributed.nn.jit.instantiator][INFO] - Created a temporary directory at /tmp/tmp1y1t9ey7
[2023-12-31 11:55:06,234][torch.distributed.nn.jit.instantiator][INFO] - Writing /tmp/tmp1y1t9ey7/_remote_module_non_scriptable.py
[2023-12-31 11:55:06,350][torch.distributed.nn.jit.instantiator][INFO] - Created a temporary directory at /tmp/tmpl0jtga64
[2023-12-31 11:55:06,350][torch.distributed.nn.jit.instantiator][INFO] - Writing /tmp/tmpl0jtga64/_remote_module_non_scriptable.py
[2023-12-31 11:55:06,451][torch.distributed.distributed_c10d][INFO] - Added key: store_based_barrier_key:1 to store for rank: 7
[2023-12-31 11:55:06,474][torch.distributed.nn.jit.instantiator][INFO] - Created a temporary directory at /tmp/tmpr0bvgi3n
[2023-12-31 11:55:06,474][torch.distributed.nn.jit.instantiator][INFO] - Created a temporary directory at /tmp/tmpskoqhzn8
[2023-12-31 11:55:06,474][torch.distributed.nn.jit.instantiator][INFO] - Writing /tmp/tmpr0bvgi3n/_remote_module_non_scriptable.py
[2023-12-31 11:55:06,474][torch.distributed.nn.jit.instantiator][INFO] - Writing /tmp/tmpskoqhzn8/_remote_module_non_scriptable.py
[2023-12-31 11:55:06,550][torch.distributed.nn.jit.instantiator][INFO] - Created a temporary directory at /tmp/tmp71fy0ez4
[2023-12-31 11:55:06,550][torch.distributed.nn.jit.instantiator][INFO] - Writing /tmp/tmp71fy0ez4/_remote_module_non_scriptable.py
[2023-12-31 11:55:06,571][torch.distributed.nn.jit.instantiator][INFO] - Created a temporary directory at /tmp/tmpif99l1_k
[2023-12-31 11:55:06,572][torch.distributed.nn.jit.instantiator][INFO] - Writing /tmp/tmpif99l1_k/_remote_module_non_scriptable.py
[2023-12-31 11:55:06,582][torch.distributed.distributed_c10d][INFO] - Added key: store_based_barrier_key:1 to store for rank: 5
[2023-12-31 11:55:06,673][torch.distributed.distributed_c10d][INFO] - Added key: store_based_barrier_key:1 to store for rank: 2
[2023-12-31 11:55:06,741][torch.distributed.distributed_c10d][INFO] - Added key: store_based_barrier_key:1 to store for rank: 1
[2023-12-31 11:55:06,753][torch.distributed.distributed_c10d][INFO] - Added key: store_based_barrier_key:1 to store for rank: 0
[2023-12-31 11:55:06,756][torch.distributed.nn.jit.instantiator][INFO] - Created a temporary directory at /tmp/tmpxui4k7qx
[2023-12-31 11:55:06,756][torch.distributed.nn.jit.instantiator][INFO] - Writing /tmp/tmpxui4k7qx/_remote_module_non_scriptable.py
[2023-12-31 11:55:06,825][torch.distributed.distributed_c10d][INFO] - Added key: store_based_barrier_key:1 to store for rank: 4
[2023-12-31 11:55:06,845][torch.distributed.distributed_c10d][INFO] - Added key: store_based_barrier_key:1 to store for rank: 6
[2023-12-31 11:55:07,037][torch.distributed.distributed_c10d][INFO] - Added key: store_based_barrier_key:1 to store for rank: 3
[2023-12-31 11:55:07,037][torch.distributed.distributed_c10d][INFO] - Rank 3: Completed store-based barrier for key:store_based_barrier_key:1 with 8 nodes.
[2023-12-31 11:55:07,040][torch.distributed.distributed_c10d][INFO] - Rank 7: Completed store-based barrier for key:store_based_barrier_key:1 with 8 nodes.
[2023-12-31 11:55:07,040][torch.distributed.distributed_c10d][INFO] - Rank 1: Completed store-based barrier for key:store_based_barrier_key:1 with 8 nodes.
[2023-12-31 11:55:07,041][torch.distributed.distributed_c10d][INFO] - Rank 6: Completed store-based barrier for key:store_based_barrier_key:1 with 8 nodes.
[2023-12-31 11:55:07,042][torch.distributed.distributed_c10d][INFO] - Rank 0: Completed store-based barrier for key:store_based_barrier_key:1 with 8 nodes.
[2023-12-31 11:55:07,043][torch.distributed.distributed_c10d][INFO] - Rank 4: Completed store-based barrier for key:store_based_barrier_key:1 with 8 nodes.
[2023-12-31 11:55:07,045][torch.distributed.distributed_c10d][INFO] - Rank 2: Completed store-based barrier for key:store_based_barrier_key:1 with 8 nodes.
[2023-12-31 11:55:07,045][torch.distributed.distributed_c10d][INFO] - Rank 5: Completed store-based barrier for key:store_based_barrier_key:1 with 8 nodes.
