ModelZipper is ready for launch🚀 | Current Version🦄 >>> 0.2.6 <<< | AOE Time🕒 2024-01-17 19:14:15
load config files from configs/deepspeed/vqvae_config_v2.yaml
config loaded successfully!
config: namespace(ckpt_path='/zecheng2/vqllama/vqllama_quantizer/version_12/checkpoints/last.ckpt', vqvae=namespace(levels=2, downs_t=[1, 1], strides_t=[2, 2], emb_width=4096, l_bins=4096, l_mu=0.99, spectral=0.0, multispectral=1.0, hvqvae_multipliers=[2, 1, 1], loss_fn='l2', dilation_growth_rate=1, use_nonrelative_specloss=True, use_bottleneck=True, commit=1.0, recon=1.0, linf_k=2048, use_modified_block=False), vqvae_conv_block=namespace(depth=4, width=512, m_conv=1.0, dilation_growth_rate=1, dilation_cycle=None, vqvae_reverse_decoder_dilation=True), dataset=namespace(max_path_nums=512, min_path_nums=4, pad_token_id=0, train_batch_size=128, val_batch_size=32, nworkers=16, pin_memory=False, x_channels=9, inference_mode=False, vocab_size=200, return_all_token_mask=False, num_bins=9, remove_redundant_col=False))

/zecheng2/vqllama/test_vq_seq2seq/version_0/checkpoint-1/test_results already exists!
begin to read data from /zecheng2/svg/icon-shop/test_data_snaps/test_mesh_data_svg_convert_p.pkl ...
num of testing data: 800
begin to sanity check the dataset and conduct pre_process, num of samples: 800, it will take some time...
begin to sanity check the dataset and conduct pre_process, num of samples: 800, it will take some time...
VQVAE loaded!
tensor(4025, device='cuda:0')
tensor(3818, device='cuda:0')
tensor(4025, device='cuda:0')
tensor(4025, device='cuda:0')
tensor(4070, device='cuda:0')
tensor(4025, device='cuda:0')
tensor(4025, device='cuda:0')
tensor(4079, device='cuda:0')
tensor(4079, device='cuda:0')
tensor(4025, device='cuda:0')
tensor(4025, device='cuda:0')
tensor(3991, device='cuda:0')
tensor(3988, device='cuda:0')
tensor(4079, device='cuda:0')
tensor(4025, device='cuda:0')
tensor(4079, device='cuda:0')
tensor(4079, device='cuda:0')
tensor(4079, device='cuda:0')
tensor(4079, device='cuda:0')
tensor(4079, device='cuda:0')
tensor(4079, device='cuda:0')
tensor(4079, device='cuda:0')
tensor(4025, device='cuda:0')
tensor(2121, device='cuda:0')
tensor(3988, device='cuda:0')
tensor(4025, device='cuda:0')
tensor(4025, device='cuda:0')
tensor(4079, device='cuda:0')
tensor(3958, device='cuda:0')
tensor(4070, device='cuda:0')
tensor(4079, device='cuda:0')
tensor(3988, device='cuda:0')
tensor(4079, device='cuda:0')
tensor(4079, device='cuda:0')
tensor(4025, device='cuda:0')
tensor(4079, device='cuda:0')
tensor(4079, device='cuda:0')
tensor(4079, device='cuda:0')
tensor(4079, device='cuda:0')
tensor(3988, device='cuda:0')
tensor(3988, device='cuda:0')
tensor(4025, device='cuda:0')
tensor(2121, device='cuda:0')
tensor(3988, device='cuda:0')
tensor(4079, device='cuda:0')
tensor(3988, device='cuda:0')
tensor(3991, device='cuda:0')
tensor(4070, device='cuda:0')
tensor(4079, device='cuda:0')
tensor(3988, device='cuda:0')
tensor(4070, device='cuda:0')
tensor(3988, device='cuda:0')
tensor(3991, device='cuda:0')
tensor(4079, device='cuda:0')
tensor(4025, device='cuda:0')
tensor(3988, device='cuda:0')
tensor(4079, device='cuda:0')
tensor(4025, device='cuda:0')
tensor(3988, device='cuda:0')
tensor(4070, device='cuda:0')
tensor(4079, device='cuda:0')
tensor(4079, device='cuda:0')
tensor(4070, device='cuda:0')
tensor(4079, device='cuda:0')
tensor(3951, device='cuda:0')
tensor(4079, device='cuda:0')
tensor(2121, device='cuda:0')
tensor(4079, device='cuda:0')
tensor(4079, device='cuda:0')
tensor(4079, device='cuda:0')
tensor(4079, device='cuda:0')
tensor(3540, device='cuda:0')
tensor(3988, device='cuda:0')
tensor(4079, device='cuda:0')
tensor(4079, device='cuda:0')
tensor(4079, device='cuda:0')
tensor(4090, device='cuda:0')
tensor(3988, device='cuda:0')
tensor(4079, device='cuda:0')
tensor(4070, device='cuda:0')
tensor(4090, device='cuda:0')
tensor(4079, device='cuda:0')
tensor(4079, device='cuda:0')
tensor(4079, device='cuda:0')
tensor(3988, device='cuda:0')
tensor(4079, device='cuda:0')
tensor(4079, device='cuda:0')
tensor(4079, device='cuda:0')
tensor(4025, device='cuda:0')
tensor(4079, device='cuda:0')
tensor(4079, device='cuda:0')
tensor(4025, device='cuda:0')
tensor(4025, device='cuda:0')
tensor(4070, device='cuda:0')
tensor(4025, device='cuda:0')
tensor(4079, device='cuda:0')
tensor(4025, device='cuda:0')
tensor(2121, device='cuda:0')
tensor(4079, device='cuda:0')
tensor(4070, device='cuda:0')
tensor(3199, device='cuda:0')
tensor(2121, device='cuda:0')
tensor(4079, device='cuda:0')
tensor(3988, device='cuda:0')
tensor(3988, device='cuda:0')
tensor(4079, device='cuda:0')
tensor(4079, device='cuda:0')
tensor(3988, device='cuda:0')
tensor(3958, device='cuda:0')
tensor(4025, device='cuda:0')
tensor(4025, device='cuda:0')
tensor(2121, device='cuda:0')
tensor(4025, device='cuda:0')
tensor(4079, device='cuda:0')
tensor(4079, device='cuda:0')
tensor(4079, device='cuda:0')
tensor(3988, device='cuda:0')
tensor(3988, device='cuda:0')
tensor(3988, device='cuda:0')
tensor(4025, device='cuda:0')
tensor(2121, device='cuda:0')
tensor(4079, device='cuda:0')
tensor(4079, device='cuda:0')
tensor(3833, device='cuda:0')
tensor(3988, device='cuda:0')
tensor(4025, device='cuda:0')
tensor(4025, device='cuda:0')
tensor(4079, device='cuda:0')
tensor(3958, device='cuda:0')
tensor(4079, device='cuda:0')
tensor(4079, device='cuda:0')
tensor(3988, device='cuda:0')
tensor(4079, device='cuda:0')
tensor(2121, device='cuda:0')
tensor(4070, device='cuda:0')
tensor(4079, device='cuda:0')
tensor(3988, device='cuda:0')
tensor(2121, device='cuda:0')
tensor(4025, device='cuda:0')
tensor(3988, device='cuda:0')
tensor(3988, device='cuda:0')
tensor(4079, device='cuda:0')
tensor(4070, device='cuda:0')
tensor(4079, device='cuda:0')
tensor(4090, device='cuda:0')
tensor(4079, device='cuda:0')
tensor(4079, device='cuda:0')
tensor(4025, device='cuda:0')
tensor(4079, device='cuda:0')
tensor(4079, device='cuda:0')
tensor(4079, device='cuda:0')
tensor(4079, device='cuda:0')
tensor(4025, device='cuda:0')
tensor(4079, device='cuda:0')
tensor(4079, device='cuda:0')
tensor(2121, device='cuda:0')
tensor(4025, device='cuda:0')
tensor(3988, device='cuda:0')
tensor(4025, device='cuda:0')
tensor(4079, device='cuda:0')
tensor(3988, device='cuda:0')
tensor(3988, device='cuda:0')
tensor(4079, device='cuda:0')
tensor(4070, device='cuda:0')
tensor(4070, device='cuda:0')
tensor(4025, device='cuda:0')
tensor(4079, device='cuda:0')
tensor(3833, device='cuda:0')
tensor(4079, device='cuda:0')
tensor(4079, device='cuda:0')
tensor(3833, device='cuda:0')
tensor(4070, device='cuda:0')
tensor(4079, device='cuda:0')
tensor(4025, device='cuda:0')
tensor(4025, device='cuda:0')
tensor(4025, device='cuda:0')
tensor(3988, device='cuda:0')
tensor(4079, device='cuda:0')
tensor(2121, device='cuda:0')
tensor(3951, device='cuda:0')
tensor(4025, device='cuda:0')
tensor(4079, device='cuda:0')
tensor(4025, device='cuda:0')
tensor(4079, device='cuda:0')
tensor(3988, device='cuda:0')
tensor(4025, device='cuda:0')
tensor(3833, device='cuda:0')
tensor(3988, device='cuda:0')
tensor(4079, device='cuda:0')
tensor(4025, device='cuda:0')
tensor(3988, device='cuda:0')
tensor(4025, device='cuda:0')
tensor(2121, device='cuda:0')
tensor(4079, device='cuda:0')
tensor(4079, device='cuda:0')
tensor(4079, device='cuda:0')
tensor(4079, device='cuda:0')
tensor(4079, device='cuda:0')
tensor(4025, device='cuda:0')
tensor(4079, device='cuda:0')
tensor(3988, device='cuda:0')
tensor(4025, device='cuda:0')
tensor(3988, device='cuda:0')
tensor(4025, device='cuda:0')
tensor(3988, device='cuda:0')
tensor(2121, device='cuda:0')
tensor(3988, device='cuda:0')
tensor(3991, device='cuda:0')
tensor(4079, device='cuda:0')
tensor(4070, device='cuda:0')
tensor(4025, device='cuda:0')
tensor(4079, device='cuda:0')
tensor(3833, device='cuda:0')
tensor(3833, device='cuda:0')
tensor(4079, device='cuda:0')
tensor(3988, device='cuda:0')
tensor(3988, device='cuda:0')
tensor(4079, device='cuda:0')
tensor(4025, device='cuda:0')
tensor(3833, device='cuda:0')
tensor(4079, device='cuda:0')
tensor(4079, device='cuda:0')
tensor(4090, device='cuda:0')
tensor(3988, device='cuda:0')
tensor(4079, device='cuda:0')
tensor(3988, device='cuda:0')
tensor(4079, device='cuda:0')
tensor(4079, device='cuda:0')
tensor(4079, device='cuda:0')
tensor(4070, device='cuda:0')
tensor(3833, device='cuda:0')
tensor(4079, device='cuda:0')
tensor(4079, device='cuda:0')
tensor(4079, device='cuda:0')
tensor(4079, device='cuda:0')
tensor(4079, device='cuda:0')
tensor(4079, device='cuda:0')
tensor(4025, device='cuda:0')
tensor(4070, device='cuda:0')
tensor(3818, device='cuda:0')
tensor(3988, device='cuda:0')
tensor(3988, device='cuda:0')
tensor(3988, device='cuda:0')
tensor(3833, device='cuda:0')
tensor(4025, device='cuda:0')
tensor(4025, device='cuda:0')
tensor(4079, device='cuda:0')
tensor(4025, device='cuda:0')
tensor(3988, device='cuda:0')
tensor(4070, device='cuda:0')
tensor(3988, device='cuda:0')
tensor(3991, device='cuda:0')
tensor(4079, device='cuda:0')
tensor(2121, device='cuda:0')
tensor(3988, device='cuda:0')
tensor(4079, device='cuda:0')
tensor(4079, device='cuda:0')
tensor(4079, device='cuda:0')
tensor(4079, device='cuda:0')
tensor(4025, device='cuda:0')
tensor(4079, device='cuda:0')
tensor(4070, device='cuda:0')
tensor(4079, device='cuda:0')
tensor(4079, device='cuda:0')
tensor(4079, device='cuda:0')
tensor(4079, device='cuda:0')
tensor(3988, device='cuda:0')
tensor(4079, device='cuda:0')
tensor(3833, device='cuda:0')
tensor(4079, device='cuda:0')
tensor(2121, device='cuda:0')
tensor(3988, device='cuda:0')
tensor(4079, device='cuda:0')
tensor(4025, device='cuda:0')
tensor(4079, device='cuda:0')
tensor(3988, device='cuda:0')
tensor(4079, device='cuda:0')
tensor(2121, device='cuda:0')
tensor(4079, device='cuda:0')
tensor(3951, device='cuda:0')
tensor(4079, device='cuda:0')
tensor(2121, device='cuda:0')
tensor(4025, device='cuda:0')
tensor(4025, device='cuda:0')
tensor(4079, device='cuda:0')
tensor(3988, device='cuda:0')
tensor(4025, device='cuda:0')
tensor(4025, device='cuda:0')
tensor(3988, device='cuda:0')
tensor(3988, device='cuda:0')
tensor(4025, device='cuda:0')
tensor(4079, device='cuda:0')
tensor(4079, device='cuda:0')
tensor(4025, device='cuda:0')
tensor(3988, device='cuda:0')
tensor(3988, device='cuda:0')
tensor(3988, device='cuda:0')
tensor(4079, device='cuda:0')
tensor(4025, device='cuda:0')
tensor(4070, device='cuda:0')
tensor(4070, device='cuda:0')
tensor(4079, device='cuda:0')
tensor(4079, device='cuda:0')
tensor(3785, device='cuda:0')
tensor(4079, device='cuda:0')
tensor(4079, device='cuda:0')
tensor(4079, device='cuda:0')
tensor(4079, device='cuda:0')
tensor(3988, device='cuda:0')
tensor(4079, device='cuda:0')
tensor(4070, device='cuda:0')
tensor(4079, device='cuda:0')
tensor(3988, device='cuda:0')
tensor(4079, device='cuda:0')
tensor(4079, device='cuda:0')
tensor(4079, device='cuda:0')
tensor(4079, device='cuda:0')
tensor(4079, device='cuda:0')
tensor(3988, device='cuda:0')
tensor(4079, device='cuda:0')
tensor(4079, device='cuda:0')
tensor(4079, device='cuda:0')
tensor(4025, device='cuda:0')
tensor(4079, device='cuda:0')
tensor(4079, device='cuda:0')
tensor(4079, device='cuda:0')
tensor(4079, device='cuda:0')
tensor(4090, device='cuda:0')
tensor(3833, device='cuda:0')
tensor(4079, device='cuda:0')
tensor(4079, device='cuda:0')
tensor(4025, device='cuda:0')
tensor(4079, device='cuda:0')
tensor(4079, device='cuda:0')
tensor(4079, device='cuda:0')
tensor(4079, device='cuda:0')
tensor(4025, device='cuda:0')
tensor(4079, device='cuda:0')
tensor(3958, device='cuda:0')
tensor(4079, device='cuda:0')
tensor(4079, device='cuda:0')
tensor(4025, device='cuda:0')
tensor(2121, device='cuda:0')
tensor(4079, device='cuda:0')
tensor(4079, device='cuda:0')
tensor(4025, device='cuda:0')
tensor(3988, device='cuda:0')
tensor(4025, device='cuda:0')
tensor(4025, device='cuda:0')
tensor(4079, device='cuda:0')
tensor(4079, device='cuda:0')
tensor(4090, device='cuda:0')
tensor(3991, device='cuda:0')
tensor(4079, device='cuda:0')
tensor(4079, device='cuda:0')
tensor(4079, device='cuda:0')
tensor(4090, device='cuda:0')
tensor(4025, device='cuda:0')
tensor(4025, device='cuda:0')
tensor(4079, device='cuda:0')
tensor(4025, device='cuda:0')
tensor(3988, device='cuda:0')
tensor(4025, device='cuda:0')
tensor(3988, device='cuda:0')
tensor(4025, device='cuda:0')
tensor(4025, device='cuda:0')
tensor(4079, device='cuda:0')
tensor(4079, device='cuda:0')
tensor(4079, device='cuda:0')
tensor(3833, device='cuda:0')
tensor(3988, device='cuda:0')
tensor(4079, device='cuda:0')
tensor(4079, device='cuda:0')
tensor(3988, device='cuda:0')
tensor(3988, device='cuda:0')
tensor(4079, device='cuda:0')
tensor(4079, device='cuda:0')
tensor(4079, device='cuda:0')
tensor(2121, device='cuda:0')
tensor(3988, device='cuda:0')
tensor(4079, device='cuda:0')
tensor(4079, device='cuda:0')
tensor(4025, device='cuda:0')
tensor(4025, device='cuda:0')
tensor(4079, device='cuda:0')
tensor(3951, device='cuda:0')
tensor(3988, device='cuda:0')
tensor(4079, device='cuda:0')
tensor(4079, device='cuda:0')
tensor(3988, device='cuda:0')
tensor(4079, device='cuda:0')
tensor(4079, device='cuda:0')
tensor(2121, device='cuda:0')
tensor(4025, device='cuda:0')
tensor(4070, device='cuda:0')
tensor(4079, device='cuda:0')
tensor(4079, device='cuda:0')
tensor(3991, device='cuda:0')
tensor(4025, device='cuda:0')
tensor(3988, device='cuda:0')
tensor(3988, device='cuda:0')
tensor(3833, device='cuda:0')
tensor(4079, device='cuda:0')
tensor(4079, device='cuda:0')
tensor(4079, device='cuda:0')
tensor(3988, device='cuda:0')
tensor(4070, device='cuda:0')
tensor(3833, device='cuda:0')
tensor(4079, device='cuda:0')
tensor(4079, device='cuda:0')
tensor(3833, device='cuda:0')
tensor(4079, device='cuda:0')
tensor(2121, device='cuda:0')
tensor(4079, device='cuda:0')
tensor(3199, device='cuda:0')
tensor(4079, device='cuda:0')
tensor(3988, device='cuda:0')
tensor(3199, device='cuda:0')
tensor(3988, device='cuda:0')
tensor(4079, device='cuda:0')
tensor(4079, device='cuda:0')
tensor(3988, device='cuda:0')
tensor(4079, device='cuda:0')
tensor(4025, device='cuda:0')
tensor(4025, device='cuda:0')
tensor(4079, device='cuda:0')
tensor(4070, device='cuda:0')
tensor(4079, device='cuda:0')
tensor(4079, device='cuda:0')
tensor(4079, device='cuda:0')
tensor(3988, device='cuda:0')
tensor(3988, device='cuda:0')
tensor(4079, device='cuda:0')
tensor(4079, device='cuda:0')
tensor(3988, device='cuda:0')
tensor(3988, device='cuda:0')
tensor(4079, device='cuda:0')
tensor(4090, device='cuda:0')
tensor(4079, device='cuda:0')
tensor(4025, device='cuda:0')
tensor(4079, device='cuda:0')
tensor(4079, device='cuda:0')
tensor(4079, device='cuda:0')
tensor(4025, device='cuda:0')
tensor(4079, device='cuda:0')
tensor(4079, device='cuda:0')
tensor(4079, device='cuda:0')
tensor(4079, device='cuda:0')
tensor(4079, device='cuda:0')
tensor(4079, device='cuda:0')
tensor(4025, device='cuda:0')
tensor(3988, device='cuda:0')
tensor(4025, device='cuda:0')
tensor(3988, device='cuda:0')
tensor(4079, device='cuda:0')
tensor(4079, device='cuda:0')
tensor(4025, device='cuda:0')
tensor(3991, device='cuda:0')
tensor(4025, device='cuda:0')
tensor(4079, device='cuda:0')
tensor(4079, device='cuda:0')
tensor(3988, device='cuda:0')
tensor(3988, device='cuda:0')
tensor(3988, device='cuda:0')
tensor(4070, device='cuda:0')
tensor(4079, device='cuda:0')
tensor(4079, device='cuda:0')
tensor(2121, device='cuda:0')
tensor(3988, device='cuda:0')
tensor(4079, device='cuda:0')
tensor(4079, device='cuda:0')
tensor(4079, device='cuda:0')
tensor(4079, device='cuda:0')
tensor(4070, device='cuda:0')
tensor(3988, device='cuda:0')
tensor(3988, device='cuda:0')
tensor(3988, device='cuda:0')
tensor(4025, device='cuda:0')
tensor(4079, device='cuda:0')
tensor(4090, device='cuda:0')
tensor(4079, device='cuda:0')
tensor(4079, device='cuda:0')
tensor(4079, device='cuda:0')
tensor(4079, device='cuda:0')
tensor(4025, device='cuda:0')
tensor(4025, device='cuda:0')
tensor(3988, device='cuda:0')
tensor(4079, device='cuda:0')
tensor(4025, device='cuda:0')
tensor(3988, device='cuda:0')
tensor(3988, device='cuda:0')
tensor(4079, device='cuda:0')
tensor(3988, device='cuda:0')
tensor(4079, device='cuda:0')
tensor(4025, device='cuda:0')
tensor(4079, device='cuda:0')
tensor(3988, device='cuda:0')
tensor(4079, device='cuda:0')
tensor(4070, device='cuda:0')
tensor(4070, device='cuda:0')
tensor(3951, device='cuda:0')
tensor(4025, device='cuda:0')
tensor(4079, device='cuda:0')
tensor(4079, device='cuda:0')
tensor(4079, device='cuda:0')
tensor(4079, device='cuda:0')
tensor(4079, device='cuda:0')
tensor(3988, device='cuda:0')
tensor(3988, device='cuda:0')
tensor(4025, device='cuda:0')
tensor(4079, device='cuda:0')
tensor(4025, device='cuda:0')
tensor(4079, device='cuda:0')
tensor(4079, device='cuda:0')
tensor(4025, device='cuda:0')
tensor(3991, device='cuda:0')
tensor(3988, device='cuda:0')
tensor(3958, device='cuda:0')
tensor(4025, device='cuda:0')
tensor(4079, device='cuda:0')
tensor(3988, device='cuda:0')
tensor(4079, device='cuda:0')
tensor(3988, device='cuda:0')
tensor(4079, device='cuda:0')
tensor(4025, device='cuda:0')
tensor(4079, device='cuda:0')
tensor(3540, device='cuda:0')
tensor(4079, device='cuda:0')
tensor(4079, device='cuda:0')
tensor(4079, device='cuda:0')
tensor(4079, device='cuda:0')
tensor(4079, device='cuda:0')
tensor(4070, device='cuda:0')
tensor(3988, device='cuda:0')
tensor(4079, device='cuda:0')
tensor(4079, device='cuda:0')
tensor(4079, device='cuda:0')
tensor(3988, device='cuda:0')
tensor(3988, device='cuda:0')
tensor(3988, device='cuda:0')
tensor(4079, device='cuda:0')
tensor(4079, device='cuda:0')
tensor(3988, device='cuda:0')
tensor(4070, device='cuda:0')
tensor(3988, device='cuda:0')
tensor(4079, device='cuda:0')
tensor(4090, device='cuda:0')
tensor(4079, device='cuda:0')
tensor(3958, device='cuda:0')
tensor(4079, device='cuda:0')
tensor(4079, device='cuda:0')
tensor(4070, device='cuda:0')
tensor(4079, device='cuda:0')
tensor(4079, device='cuda:0')
tensor(4079, device='cuda:0')
tensor(3988, device='cuda:0')
tensor(4079, device='cuda:0')
tensor(4079, device='cuda:0')
tensor(3988, device='cuda:0')
tensor(4079, device='cuda:0')
tensor(4025, device='cuda:0')
tensor(4079, device='cuda:0')
tensor(4079, device='cuda:0')
tensor(3988, device='cuda:0')
tensor(4079, device='cuda:0')
tensor(4079, device='cuda:0')
tensor(4079, device='cuda:0')
tensor(4079, device='cuda:0')
tensor(3988, device='cuda:0')
tensor(4070, device='cuda:0')
tensor(4025, device='cuda:0')
tensor(3531, device='cuda:0')
tensor(4079, device='cuda:0')
tensor(4079, device='cuda:0')
tensor(4079, device='cuda:0')
tensor(3988, device='cuda:0')
tensor(4079, device='cuda:0')
tensor(3988, device='cuda:0')
tensor(4079, device='cuda:0')
tensor(4070, device='cuda:0')
tensor(4079, device='cuda:0')
tensor(4070, device='cuda:0')
tensor(3785, device='cuda:0')
tensor(4079, device='cuda:0')
tensor(4079, device='cuda:0')
tensor(4090, device='cuda:0')
tensor(4079, device='cuda:0')
tensor(4025, device='cuda:0')
tensor(4079, device='cuda:0')
tensor(4079, device='cuda:0')
tensor(3988, device='cuda:0')
tensor(4079, device='cuda:0')
tensor(4079, device='cuda:0')
tensor(3988, device='cuda:0')
tensor(4079, device='cuda:0')
tensor(4025, device='cuda:0')
tensor(4079, device='cuda:0')
tensor(4079, device='cuda:0')
tensor(4025, device='cuda:0')
tensor(3497, device='cuda:0')
tensor(4090, device='cuda:0')
tensor(4079, device='cuda:0')
tensor(3988, device='cuda:0')
tensor(4079, device='cuda:0')
tensor(4079, device='cuda:0')
tensor(4025, device='cuda:0')
tensor(4079, device='cuda:0')
tensor(4079, device='cuda:0')
tensor(3988, device='cuda:0')
tensor(4079, device='cuda:0')
tensor(4079, device='cuda:0')
tensor(4079, device='cuda:0')
tensor(4079, device='cuda:0')
tensor(4079, device='cuda:0')
tensor(3988, device='cuda:0')
tensor(2121, device='cuda:0')
tensor(4079, device='cuda:0')
tensor(4025, device='cuda:0')
tensor(4079, device='cuda:0')
tensor(3988, device='cuda:0')
tensor(4025, device='cuda:0')
tensor(4079, device='cuda:0')
tensor(3988, device='cuda:0')
tensor(4079, device='cuda:0')
tensor(4079, device='cuda:0')
tensor(2121, device='cuda:0')
tensor(4079, device='cuda:0')
tensor(2121, device='cuda:0')
tensor(4079, device='cuda:0')
tensor(2121, device='cuda:0')
tensor(3988, device='cuda:0')
tensor(4025, device='cuda:0')
tensor(4072, device='cuda:0')
tensor(4079, device='cuda:0')
tensor(4025, device='cuda:0')
tensor(3833, device='cuda:0')
tensor(3833, device='cuda:0')
tensor(4025, device='cuda:0')
tensor(2121, device='cuda:0')
tensor(3991, device='cuda:0')
tensor(3988, device='cuda:0')
tensor(4025, device='cuda:0')
tensor(2121, device='cuda:0')
tensor(4079, device='cuda:0')
tensor(4079, device='cuda:0')
tensor(3988, device='cuda:0')
tensor(3988, device='cuda:0')
tensor(3833, device='cuda:0')
tensor(3988, device='cuda:0')
tensor(4025, device='cuda:0')
tensor(3833, device='cuda:0')
tensor(4079, device='cuda:0')
tensor(2121, device='cuda:0')
tensor(4079, device='cuda:0')
tensor(4070, device='cuda:0')
tensor(4079, device='cuda:0')
tensor(4070, device='cuda:0')
tensor(3991, device='cuda:0')
tensor(3958, device='cuda:0')
tensor(4025, device='cuda:0')
tensor(4025, device='cuda:0')
tensor(4025, device='cuda:0')
tensor(4079, device='cuda:0')
tensor(4079, device='cuda:0')
tensor(4025, device='cuda:0')
tensor(3988, device='cuda:0')
tensor(4079, device='cuda:0')
tensor(3988, device='cuda:0')
tensor(3988, device='cuda:0')
tensor(4079, device='cuda:0')
tensor(4056, device='cuda:0')
tensor(4079, device='cuda:0')
tensor(4079, device='cuda:0')
tensor(4025, device='cuda:0')
tensor(4079, device='cuda:0')
tensor(4079, device='cuda:0')
tensor(4025, device='cuda:0')
tensor(4079, device='cuda:0')
tensor(4079, device='cuda:0')
tensor(4079, device='cuda:0')
tensor(3833, device='cuda:0')
tensor(4079, device='cuda:0')
tensor(3988, device='cuda:0')
tensor(3988, device='cuda:0')
tensor(4070, device='cuda:0')
tensor(4079, device='cuda:0')
tensor(4079, device='cuda:0')
tensor(4079, device='cuda:0')
tensor(2121, device='cuda:0')
tensor(4079, device='cuda:0')
tensor(4025, device='cuda:0')
tensor(3988, device='cuda:0')
tensor(4079, device='cuda:0')
tensor(4079, device='cuda:0')
tensor(4025, device='cuda:0')
tensor(3988, device='cuda:0')
tensor(4079, device='cuda:0')
tensor(4079, device='cuda:0')
tensor(2121, device='cuda:0')
tensor(4025, device='cuda:0')
tensor(3988, device='cuda:0')
tensor(4079, device='cuda:0')
tensor(4025, device='cuda:0')
tensor(3988, device='cuda:0')
tensor(4025, device='cuda:0')
tensor(2121, device='cuda:0')
tensor(4079, device='cuda:0')
tensor(4079, device='cuda:0')
tensor(4025, device='cuda:0')
tensor(2121, device='cuda:0')
tensor(4025, device='cuda:0')
tensor(4079, device='cuda:0')
tensor(3988, device='cuda:0')
tensor(4070, device='cuda:0')
tensor(3988, device='cuda:0')
tensor(3988, device='cuda:0')
tensor(3199, device='cuda:0')
tensor(4079, device='cuda:0')
tensor(3988, device='cuda:0')
tensor(4025, device='cuda:0')
tensor(2121, device='cuda:0')
tensor(4025, device='cuda:0')
tensor(4079, device='cuda:0')
tensor(3988, device='cuda:0')
tensor(4025, device='cuda:0')
tensor(4079, device='cuda:0')
tensor(4079, device='cuda:0')
tensor(2121, device='cuda:0')
tensor(3706, device='cuda:0')
tensor(4025, device='cuda:0')
tensor(4025, device='cuda:0')
tensor(3833, device='cuda:0')
tensor(3988, device='cuda:0')
tensor(4079, device='cuda:0')
tensor(3988, device='cuda:0')
tensor(4079, device='cuda:0')
tensor(4025, device='cuda:0')
tensor(4079, device='cuda:0')
tensor(4079, device='cuda:0')
tensor(4079, device='cuda:0')
tensor(4079, device='cuda:0')
tensor(3833, device='cuda:0')
tensor(3988, device='cuda:0')
tensor(3988, device='cuda:0')
tensor(4079, device='cuda:0')
tensor(4079, device='cuda:0')
tensor(3991, device='cuda:0')
tensor(4025, device='cuda:0')
tensor(4079, device='cuda:0')
tensor(4025, device='cuda:0')
tensor(3540, device='cuda:0')
tensor(4079, device='cuda:0')
tensor(4079, device='cuda:0')
tensor(3988, device='cuda:0')
tensor(4025, device='cuda:0')
tensor(4079, device='cuda:0')
tensor(4079, device='cuda:0')
tensor(3988, device='cuda:0')
tensor(4079, device='cuda:0')
tensor(4025, device='cuda:0')
tensor(4079, device='cuda:0')
tensor(4079, device='cuda:0')
tensor(4025, device='cuda:0')
tensor(4079, device='cuda:0')
tensor(4079, device='cuda:0')
tensor(3988, device='cuda:0')
tensor(3988, device='cuda:0')
tensor(3988, device='cuda:0')
tensor(4079, device='cuda:0')
tensor(4079, device='cuda:0')
tensor(2121, device='cuda:0')
tensor(4025, device='cuda:0')
tensor(4079, device='cuda:0')
tensor(4079, device='cuda:0')
tensor(4079, device='cuda:0')
tensor(3833, device='cuda:0')
tensor(3991, device='cuda:0')
tensor(4079, device='cuda:0')
tensor(4025, device='cuda:0')
tensor(3199, device='cuda:0')
tensor(4025, device='cuda:0')
tensor(4079, device='cuda:0')
tensor(3988, device='cuda:0')
tensor(3988, device='cuda:0')
tensor(4079, device='cuda:0')
tensor(4079, device='cuda:0')
tensor(3991, device='cuda:0')
tensor(4079, device='cuda:0')
tensor(4079, device='cuda:0')
tensor(4079, device='cuda:0')
tensor(3988, device='cuda:0')
tensor(4079, device='cuda:0')
tensor(4079, device='cuda:0')
tensor(4079, device='cuda:0')
tensor(3988, device='cuda:0')
tensor(3988, device='cuda:0')
tensor(4025, device='cuda:0')
tensor(4079, device='cuda:0')
tensor(4079, device='cuda:0')
/zecheng2/vqllama/test_vq_seq2seq/version_0/checkpoint-1/test_results/rendered_single_image not exist! --> Create dir /zecheng2/vqllama/test_vq_seq2seq/version_0/checkpoint-1/test_results/rendered_single_image
/zecheng2/vqllama/test_vq_seq2seq/version_0/checkpoint-1/test_results/rendered_single_image already exists!
jsonl file saved successfully!
Save file to /zecheng2/vqllama/test_vq_seq2seq/version_0/checkpoint-1/test_results/svg_paths.jsonl | len: 799
> /workspace/zecheng/modelzipper/projects/custom_llama/test_vq_seq2seq.py(174)post_process()
-> print_c("begin to generate big map", "magenta")
(Pdb) /zecheng2/vqllama/test_vq_seq2seq/version_0/checkpoint-1/test_results/rendered_big_map not exist! --> Create dir /zecheng2/vqllama/test_vq_seq2seq/version_0/checkpoint-1/test_results/rendered_big_map
(Pdb) save big map 0 to /zecheng2/vqllama/test_vq_seq2seq/version_0/checkpoint-1/test_results/rendered_big_map/big_map_0_p_svg.png
save big map 1 to /zecheng2/vqllama/test_vq_seq2seq/version_0/checkpoint-1/test_results/rendered_big_map/big_map_1_p_svg.png
save big map 2 to /zecheng2/vqllama/test_vq_seq2seq/version_0/checkpoint-1/test_results/rendered_big_map/big_map_2_p_svg.png
save big map 3 to /zecheng2/vqllama/test_vq_seq2seq/version_0/checkpoint-1/test_results/rendered_big_map/big_map_3_p_svg.png
save big map 4 to /zecheng2/vqllama/test_vq_seq2seq/version_0/checkpoint-1/test_results/rendered_big_map/big_map_4_p_svg.png
(Pdb) 