[2023-12-31 14:37:49,833][torch.distributed.nn.jit.instantiator][INFO] - Created a temporary directory at /tmp/tmp04gpcvu6
[2023-12-31 14:37:49,834][torch.distributed.nn.jit.instantiator][INFO] - Writing /tmp/tmp04gpcvu6/_remote_module_non_scriptable.py
[2023-12-31 14:37:50,094][torch.distributed.nn.jit.instantiator][INFO] - Created a temporary directory at /tmp/tmp73ng290q
[2023-12-31 14:37:50,095][torch.distributed.nn.jit.instantiator][INFO] - Writing /tmp/tmp73ng290q/_remote_module_non_scriptable.py
[2023-12-31 14:37:50,189][torch.distributed.distributed_c10d][INFO] - Added key: store_based_barrier_key:1 to store for rank: 6
[2023-12-31 14:37:50,222][torch.distributed.nn.jit.instantiator][INFO] - Created a temporary directory at /tmp/tmp5pkwzp1v
[2023-12-31 14:37:50,222][torch.distributed.nn.jit.instantiator][INFO] - Writing /tmp/tmp5pkwzp1v/_remote_module_non_scriptable.py
[2023-12-31 14:37:50,257][torch.distributed.nn.jit.instantiator][INFO] - Created a temporary directory at /tmp/tmpd4lnj5mw
[2023-12-31 14:37:50,257][torch.distributed.nn.jit.instantiator][INFO] - Writing /tmp/tmpd4lnj5mw/_remote_module_non_scriptable.py
[2023-12-31 14:37:50,328][torch.distributed.nn.jit.instantiator][INFO] - Created a temporary directory at /tmp/tmphe0u46ep
[2023-12-31 14:37:50,328][torch.distributed.nn.jit.instantiator][INFO] - Writing /tmp/tmphe0u46ep/_remote_module_non_scriptable.py
[2023-12-31 14:37:50,385][torch.distributed.distributed_c10d][INFO] - Added key: store_based_barrier_key:1 to store for rank: 4
[2023-12-31 14:37:50,472][torch.distributed.nn.jit.instantiator][INFO] - Created a temporary directory at /tmp/tmp3752a3fy
[2023-12-31 14:37:50,472][torch.distributed.nn.jit.instantiator][INFO] - Writing /tmp/tmp3752a3fy/_remote_module_non_scriptable.py
[2023-12-31 14:37:50,497][torch.distributed.nn.jit.instantiator][INFO] - Created a temporary directory at /tmp/tmp530meybi
[2023-12-31 14:37:50,497][torch.distributed.nn.jit.instantiator][INFO] - Writing /tmp/tmp530meybi/_remote_module_non_scriptable.py
[2023-12-31 14:37:50,510][torch.distributed.nn.jit.instantiator][INFO] - Created a temporary directory at /tmp/tmpxbaer3fr
[2023-12-31 14:37:50,511][torch.distributed.nn.jit.instantiator][INFO] - Writing /tmp/tmpxbaer3fr/_remote_module_non_scriptable.py
[2023-12-31 14:37:50,512][torch.distributed.distributed_c10d][INFO] - Added key: store_based_barrier_key:1 to store for rank: 2
[2023-12-31 14:37:50,532][torch.distributed.distributed_c10d][INFO] - Added key: store_based_barrier_key:1 to store for rank: 1
[2023-12-31 14:37:50,620][torch.distributed.distributed_c10d][INFO] - Added key: store_based_barrier_key:1 to store for rank: 0
[2023-12-31 14:37:50,766][torch.distributed.distributed_c10d][INFO] - Added key: store_based_barrier_key:1 to store for rank: 5
[2023-12-31 14:37:50,781][torch.distributed.distributed_c10d][INFO] - Added key: store_based_barrier_key:1 to store for rank: 3
[2023-12-31 14:37:50,783][torch.distributed.distributed_c10d][INFO] - Added key: store_based_barrier_key:1 to store for rank: 7
[2023-12-31 14:37:50,783][torch.distributed.distributed_c10d][INFO] - Rank 7: Completed store-based barrier for key:store_based_barrier_key:1 with 8 nodes.
[2023-12-31 14:37:50,786][torch.distributed.distributed_c10d][INFO] - Rank 0: Completed store-based barrier for key:store_based_barrier_key:1 with 8 nodes.
[2023-12-31 14:37:50,787][torch.distributed.distributed_c10d][INFO] - Rank 5: Completed store-based barrier for key:store_based_barrier_key:1 with 8 nodes.
[2023-12-31 14:37:50,787][torch.distributed.distributed_c10d][INFO] - Rank 6: Completed store-based barrier for key:store_based_barrier_key:1 with 8 nodes.
[2023-12-31 14:37:50,787][torch.distributed.distributed_c10d][INFO] - Rank 4: Completed store-based barrier for key:store_based_barrier_key:1 with 8 nodes.
[2023-12-31 14:37:50,790][torch.distributed.distributed_c10d][INFO] - Rank 2: Completed store-based barrier for key:store_based_barrier_key:1 with 8 nodes.
[2023-12-31 14:37:50,790][torch.distributed.distributed_c10d][INFO] - Rank 1: Completed store-based barrier for key:store_based_barrier_key:1 with 8 nodes.
[2023-12-31 14:37:50,792][torch.distributed.distributed_c10d][INFO] - Rank 3: Completed store-based barrier for key:store_based_barrier_key:1 with 8 nodes.
