[2023-12-31 13:55:26,854][torch.distributed.nn.jit.instantiator][INFO] - Created a temporary directory at /tmp/tmp582hw317
[2023-12-31 13:55:26,855][torch.distributed.nn.jit.instantiator][INFO] - Writing /tmp/tmp582hw317/_remote_module_non_scriptable.py
[2023-12-31 13:55:27,052][torch.distributed.nn.jit.instantiator][INFO] - Created a temporary directory at /tmp/tmpmvlvjwe4
[2023-12-31 13:55:27,053][torch.distributed.nn.jit.instantiator][INFO] - Writing /tmp/tmpmvlvjwe4/_remote_module_non_scriptable.py
[2023-12-31 13:55:27,103][torch.distributed.nn.jit.instantiator][INFO] - Created a temporary directory at /tmp/tmps_hy9ddz
[2023-12-31 13:55:27,104][torch.distributed.nn.jit.instantiator][INFO] - Writing /tmp/tmps_hy9ddz/_remote_module_non_scriptable.py
[2023-12-31 13:55:27,105][torch.distributed.nn.jit.instantiator][INFO] - Created a temporary directory at /tmp/tmpfe8nmblf
[2023-12-31 13:55:27,106][torch.distributed.nn.jit.instantiator][INFO] - Writing /tmp/tmpfe8nmblf/_remote_module_non_scriptable.py
[2023-12-31 13:55:27,143][torch.distributed.nn.jit.instantiator][INFO] - Created a temporary directory at /tmp/tmpwv31dvj2
[2023-12-31 13:55:27,144][torch.distributed.nn.jit.instantiator][INFO] - Writing /tmp/tmpwv31dvj2/_remote_module_non_scriptable.py
[2023-12-31 13:55:27,147][torch.distributed.distributed_c10d][INFO] - Added key: store_based_barrier_key:1 to store for rank: 0
[2023-12-31 13:55:27,204][torch.distributed.nn.jit.instantiator][INFO] - Created a temporary directory at /tmp/tmpup3_g134
[2023-12-31 13:55:27,205][torch.distributed.nn.jit.instantiator][INFO] - Writing /tmp/tmpup3_g134/_remote_module_non_scriptable.py
[2023-12-31 13:55:27,374][torch.distributed.distributed_c10d][INFO] - Added key: store_based_barrier_key:1 to store for rank: 4
[2023-12-31 13:55:27,382][torch.distributed.distributed_c10d][INFO] - Added key: store_based_barrier_key:1 to store for rank: 5
[2023-12-31 13:55:27,408][torch.distributed.distributed_c10d][INFO] - Added key: store_based_barrier_key:1 to store for rank: 1
[2023-12-31 13:55:27,459][torch.distributed.distributed_c10d][INFO] - Added key: store_based_barrier_key:1 to store for rank: 2
[2023-12-31 13:55:27,476][torch.distributed.distributed_c10d][INFO] - Added key: store_based_barrier_key:1 to store for rank: 7
[2023-12-31 13:55:27,485][torch.distributed.distributed_c10d][INFO] - Rank 5: Completed store-based barrier for key:store_based_barrier_key:1 with 8 nodes.
[2023-12-31 13:55:27,486][torch.distributed.distributed_c10d][INFO] - Rank 7: Completed store-based barrier for key:store_based_barrier_key:1 with 8 nodes.
[2023-12-31 13:55:27,487][torch.distributed.distributed_c10d][INFO] - Rank 4: Completed store-based barrier for key:store_based_barrier_key:1 with 8 nodes.
[2023-12-31 13:55:27,487][torch.distributed.distributed_c10d][INFO] - Rank 0: Completed store-based barrier for key:store_based_barrier_key:1 with 8 nodes.
[2023-12-31 13:55:27,490][torch.distributed.distributed_c10d][INFO] - Rank 2: Completed store-based barrier for key:store_based_barrier_key:1 with 8 nodes.
[2023-12-31 13:55:27,490][torch.distributed.distributed_c10d][INFO] - Rank 1: Completed store-based barrier for key:store_based_barrier_key:1 with 8 nodes.
