[2023-12-31 11:56:23,367][torch.distributed.nn.jit.instantiator][INFO] - Created a temporary directory at /tmp/tmp5as5_hwk
[2023-12-31 11:56:23,368][torch.distributed.nn.jit.instantiator][INFO] - Writing /tmp/tmp5as5_hwk/_remote_module_non_scriptable.py
[2023-12-31 11:56:23,559][torch.distributed.nn.jit.instantiator][INFO] - Created a temporary directory at /tmp/tmpa56bzyk3
[2023-12-31 11:56:23,560][torch.distributed.nn.jit.instantiator][INFO] - Writing /tmp/tmpa56bzyk3/_remote_module_non_scriptable.py
[2023-12-31 11:56:23,640][torch.distributed.distributed_c10d][INFO] - Added key: store_based_barrier_key:1 to store for rank: 2
[2023-12-31 11:56:23,652][torch.distributed.nn.jit.instantiator][INFO] - Created a temporary directory at /tmp/tmpkahsvnrm
[2023-12-31 11:56:23,653][torch.distributed.nn.jit.instantiator][INFO] - Writing /tmp/tmpkahsvnrm/_remote_module_non_scriptable.py
[2023-12-31 11:56:23,675][torch.distributed.nn.jit.instantiator][INFO] - Created a temporary directory at /tmp/tmp46zp9lpq
[2023-12-31 11:56:23,676][torch.distributed.nn.jit.instantiator][INFO] - Writing /tmp/tmp46zp9lpq/_remote_module_non_scriptable.py
[2023-12-31 11:56:23,711][torch.distributed.nn.jit.instantiator][INFO] - Created a temporary directory at /tmp/tmppjgdw67o
[2023-12-31 11:56:23,712][torch.distributed.nn.jit.instantiator][INFO] - Writing /tmp/tmppjgdw67o/_remote_module_non_scriptable.py
[2023-12-31 11:56:23,716][torch.distributed.nn.jit.instantiator][INFO] - Created a temporary directory at /tmp/tmpt4aht8hc
[2023-12-31 11:56:23,716][torch.distributed.nn.jit.instantiator][INFO] - Writing /tmp/tmpt4aht8hc/_remote_module_non_scriptable.py
[2023-12-31 11:56:23,743][torch.distributed.nn.jit.instantiator][INFO] - Created a temporary directory at /tmp/tmpdfmarnh4
[2023-12-31 11:56:23,744][torch.distributed.nn.jit.instantiator][INFO] - Writing /tmp/tmpdfmarnh4/_remote_module_non_scriptable.py
[2023-12-31 11:56:23,804][torch.distributed.nn.jit.instantiator][INFO] - Created a temporary directory at /tmp/tmput9tw63m
[2023-12-31 11:56:23,805][torch.distributed.nn.jit.instantiator][INFO] - Writing /tmp/tmput9tw63m/_remote_module_non_scriptable.py
[2023-12-31 11:56:23,840][torch.distributed.distributed_c10d][INFO] - Added key: store_based_barrier_key:1 to store for rank: 1
[2023-12-31 11:56:23,967][torch.distributed.distributed_c10d][INFO] - Added key: store_based_barrier_key:1 to store for rank: 0
[2023-12-31 11:56:23,986][torch.distributed.distributed_c10d][INFO] - Added key: store_based_barrier_key:1 to store for rank: 7
[2023-12-31 11:56:23,988][torch.distributed.distributed_c10d][INFO] - Added key: store_based_barrier_key:1 to store for rank: 5
[2023-12-31 11:56:24,018][torch.distributed.distributed_c10d][INFO] - Added key: store_based_barrier_key:1 to store for rank: 6
[2023-12-31 11:56:24,036][torch.distributed.distributed_c10d][INFO] - Added key: store_based_barrier_key:1 to store for rank: 3
[2023-12-31 11:56:24,121][torch.distributed.distributed_c10d][INFO] - Rank 7: Completed store-based barrier for key:store_based_barrier_key:1 with 8 nodes.
[2023-12-31 11:56:24,121][torch.distributed.distributed_c10d][INFO] - Added key: store_based_barrier_key:1 to store for rank: 4
[2023-12-31 11:56:24,121][torch.distributed.distributed_c10d][INFO] - Rank 4: Completed store-based barrier for key:store_based_barrier_key:1 with 8 nodes.
[2023-12-31 11:56:24,122][torch.distributed.distributed_c10d][INFO] - Rank 6: Completed store-based barrier for key:store_based_barrier_key:1 with 8 nodes.
[2023-12-31 11:56:24,122][torch.distributed.distributed_c10d][INFO] - Rank 0: Completed store-based barrier for key:store_based_barrier_key:1 with 8 nodes.
[2023-12-31 11:56:24,122][torch.distributed.distributed_c10d][INFO] - Rank 5: Completed store-based barrier for key:store_based_barrier_key:1 with 8 nodes.
[2023-12-31 11:56:24,127][torch.distributed.distributed_c10d][INFO] - Rank 2: Completed store-based barrier for key:store_based_barrier_key:1 with 8 nodes.
[2023-12-31 11:56:24,129][torch.distributed.distributed_c10d][INFO] - Rank 1: Completed store-based barrier for key:store_based_barrier_key:1 with 8 nodes.
[2023-12-31 11:56:24,129][torch.distributed.distributed_c10d][INFO] - Rank 3: Completed store-based barrier for key:store_based_barrier_key:1 with 8 nodes.
