[2024-03-15 15:39:27,613][pytorch_lightning.utilities.rank_zero][INFO] - GPU available: True (cuda), used: True
[2024-03-15 15:39:27,614][pytorch_lightning.utilities.rank_zero][INFO] - TPU available: False, using: 0 TPU cores
[2024-03-15 15:39:27,614][pytorch_lightning.utilities.rank_zero][INFO] - IPU available: False, using: 0 IPUs
[2024-03-15 15:39:27,614][pytorch_lightning.utilities.rank_zero][INFO] - HPU available: False, using: 0 HPUs
[2024-03-15 15:39:27,624][pytorch_lightning.utilities.rank_zero][INFO] - You are using a CUDA device ('NVIDIA A100-PCIE-40GB') that has Tensor Cores. To properly utilize them, you should set `torch.set_float32_matmul_precision('medium' | 'high')` which will trade-off precision for performance. For more details, read https://pytorch.org/docs/stable/generated/torch.set_float32_matmul_precision.html#torch.set_float32_matmul_precision
[2024-03-15 15:39:28,033][pytorch_lightning.utilities.rank_zero][INFO] - Restoring states from the checkpoint path at /public/home/ljt/tzc/ckpt/AR_ywj-mamba-1_4b/version_MQAR_C8192_N2048_D128/AR_ywj/MQAR_C8192_N2048_D128/checkpoints/last.ckpt
[2024-03-15 15:41:52,460][pytorch_lightning.utilities.rank_zero][INFO] - GPU available: True (cuda), used: True
[2024-03-15 15:41:52,460][pytorch_lightning.utilities.rank_zero][INFO] - TPU available: False, using: 0 TPU cores
[2024-03-15 15:41:52,460][pytorch_lightning.utilities.rank_zero][INFO] - IPU available: False, using: 0 IPUs
[2024-03-15 15:41:52,460][pytorch_lightning.utilities.rank_zero][INFO] - HPU available: False, using: 0 HPUs
[2024-03-15 15:41:52,470][pytorch_lightning.utilities.rank_zero][INFO] - You are using a CUDA device ('NVIDIA A100-PCIE-40GB') that has Tensor Cores. To properly utilize them, you should set `torch.set_float32_matmul_precision('medium' | 'high')` which will trade-off precision for performance. For more details, read https://pytorch.org/docs/stable/generated/torch.set_float32_matmul_precision.html#torch.set_float32_matmul_precision
[2024-03-15 15:41:52,831][pytorch_lightning.utilities.rank_zero][INFO] - Restoring states from the checkpoint path at /public/home/ljt/tzc/ckpt/AR_ywj-mamba-1_4b/version_MQAR_C8192_N2048_D128/AR_ywj/MQAR_C8192_N2048_D128/checkpoints/last.ckpt
[2024-03-15 15:42:48,401][pytorch_lightning.utilities.rank_zero][INFO] - GPU available: True (cuda), used: True
[2024-03-15 15:42:48,401][pytorch_lightning.utilities.rank_zero][INFO] - TPU available: False, using: 0 TPU cores
[2024-03-15 15:42:48,401][pytorch_lightning.utilities.rank_zero][INFO] - IPU available: False, using: 0 IPUs
[2024-03-15 15:42:48,402][pytorch_lightning.utilities.rank_zero][INFO] - HPU available: False, using: 0 HPUs
[2024-03-15 15:42:48,424][pytorch_lightning.utilities.rank_zero][INFO] - You are using a CUDA device ('NVIDIA A100-PCIE-40GB') that has Tensor Cores. To properly utilize them, you should set `torch.set_float32_matmul_precision('medium' | 'high')` which will trade-off precision for performance. For more details, read https://pytorch.org/docs/stable/generated/torch.set_float32_matmul_precision.html#torch.set_float32_matmul_precision
[2024-03-15 15:42:48,812][pytorch_lightning.utilities.rank_zero][INFO] - Restoring states from the checkpoint path at /public/home/ljt/tzc/ckpt/AR_ywj-mamba-1_4b/version_MQAR_C8192_N2048_D128/AR_ywj/MQAR_C8192_N2048_D128/checkpoints/last.ckpt
[2024-03-15 16:01:38,489][pytorch_lightning.utilities.rank_zero][INFO] - GPU available: True (cuda), used: True
[2024-03-15 16:01:38,489][pytorch_lightning.utilities.rank_zero][INFO] - TPU available: False, using: 0 TPU cores
[2024-03-15 16:01:38,489][pytorch_lightning.utilities.rank_zero][INFO] - IPU available: False, using: 0 IPUs
[2024-03-15 16:01:38,489][pytorch_lightning.utilities.rank_zero][INFO] - HPU available: False, using: 0 HPUs
[2024-03-15 16:01:38,510][pytorch_lightning.utilities.rank_zero][INFO] - You are using a CUDA device ('NVIDIA A100-PCIE-40GB') that has Tensor Cores. To properly utilize them, you should set `torch.set_float32_matmul_precision('medium' | 'high')` which will trade-off precision for performance. For more details, read https://pytorch.org/docs/stable/generated/torch.set_float32_matmul_precision.html#torch.set_float32_matmul_precision
[2024-03-15 16:01:38,948][pytorch_lightning.utilities.rank_zero][INFO] - Restoring states from the checkpoint path at /public/home/ljt/tzc/ckpt/AR_ywj-mamba-1_4b/version_MQAR_C8192_N2048_D128/AR_ywj/MQAR_C8192_N2048_D128/checkpoints/last.ckpt
[2024-03-15 16:03:22,701][pytorch_lightning.utilities.rank_zero][INFO] - GPU available: True (cuda), used: True
[2024-03-15 16:03:22,701][pytorch_lightning.utilities.rank_zero][INFO] - TPU available: False, using: 0 TPU cores
[2024-03-15 16:03:22,701][pytorch_lightning.utilities.rank_zero][INFO] - IPU available: False, using: 0 IPUs
[2024-03-15 16:03:22,701][pytorch_lightning.utilities.rank_zero][INFO] - HPU available: False, using: 0 HPUs
[2024-03-15 16:03:22,712][pytorch_lightning.utilities.rank_zero][INFO] - You are using a CUDA device ('NVIDIA A100-PCIE-40GB') that has Tensor Cores. To properly utilize them, you should set `torch.set_float32_matmul_precision('medium' | 'high')` which will trade-off precision for performance. For more details, read https://pytorch.org/docs/stable/generated/torch.set_float32_matmul_precision.html#torch.set_float32_matmul_precision
[2024-03-15 16:03:23,080][pytorch_lightning.utilities.rank_zero][INFO] - Restoring states from the checkpoint path at /public/home/ljt/tzc/ckpt/AR_ywj-mamba-1_4b/version_MQAR_C8192_N2048_D128/AR_ywj/MQAR_C8192_N2048_D128/checkpoints/last.ckpt
[2024-03-15 16:03:27,897][pytorch_lightning.utilities.rank_zero][INFO] - Loaded model weights from the checkpoint at /public/home/ljt/tzc/ckpt/AR_ywj-mamba-1_4b/version_MQAR_C8192_N2048_D128/AR_ywj/MQAR_C8192_N2048_D128/checkpoints/last.ckpt
[2024-03-15 16:04:43,967][pytorch_lightning.utilities.rank_zero][INFO] - GPU available: True (cuda), used: True
[2024-03-15 16:04:43,967][pytorch_lightning.utilities.rank_zero][INFO] - TPU available: False, using: 0 TPU cores
[2024-03-15 16:04:43,967][pytorch_lightning.utilities.rank_zero][INFO] - IPU available: False, using: 0 IPUs
[2024-03-15 16:04:43,967][pytorch_lightning.utilities.rank_zero][INFO] - HPU available: False, using: 0 HPUs
[2024-03-15 16:04:43,978][pytorch_lightning.utilities.rank_zero][INFO] - You are using a CUDA device ('NVIDIA A100-PCIE-40GB') that has Tensor Cores. To properly utilize them, you should set `torch.set_float32_matmul_precision('medium' | 'high')` which will trade-off precision for performance. For more details, read https://pytorch.org/docs/stable/generated/torch.set_float32_matmul_precision.html#torch.set_float32_matmul_precision
[2024-03-15 16:04:44,365][pytorch_lightning.utilities.rank_zero][INFO] - Restoring states from the checkpoint path at /public/home/ljt/tzc/ckpt/AR_ywj-mamba-1_4b/version_MQAR_C8192_N2048_D128/AR_ywj/MQAR_C8192_N2048_D128/checkpoints/last.ckpt
[2024-03-15 16:04:50,095][pytorch_lightning.utilities.rank_zero][INFO] - Loaded model weights from the checkpoint at /public/home/ljt/tzc/ckpt/AR_ywj-mamba-1_4b/version_MQAR_C8192_N2048_D128/AR_ywj/MQAR_C8192_N2048_D128/checkpoints/last.ckpt
[2024-03-15 16:09:50,305][pytorch_lightning.utilities.rank_zero][INFO] - GPU available: True (cuda), used: True
[2024-03-15 16:09:50,305][pytorch_lightning.utilities.rank_zero][INFO] - TPU available: False, using: 0 TPU cores
[2024-03-15 16:09:50,305][pytorch_lightning.utilities.rank_zero][INFO] - IPU available: False, using: 0 IPUs
[2024-03-15 16:09:50,305][pytorch_lightning.utilities.rank_zero][INFO] - HPU available: False, using: 0 HPUs
[2024-03-15 16:09:50,357][pytorch_lightning.utilities.rank_zero][INFO] - You are using a CUDA device ('NVIDIA A100-PCIE-40GB') that has Tensor Cores. To properly utilize them, you should set `torch.set_float32_matmul_precision('medium' | 'high')` which will trade-off precision for performance. For more details, read https://pytorch.org/docs/stable/generated/torch.set_float32_matmul_precision.html#torch.set_float32_matmul_precision
[2024-03-15 16:10:45,957][pytorch_lightning.utilities.rank_zero][INFO] - ----------------------------------------------------------------------------------------------------
distributed_backend=nccl
All distributed processes registered. Starting with 4 processes
----------------------------------------------------------------------------------------------------

[2024-03-15 16:10:47,641][pytorch_lightning.utilities.rank_zero][INFO] - Restoring states from the checkpoint path at /public/home/ljt/tzc/ckpt/AR_ywj-mamba-1_4b/version_MQAR_C8192_N2048_D128/AR_ywj/MQAR_C8192_N2048_D128/checkpoints/last.ckpt
[2024-03-15 16:10:52,838][pytorch_lightning.utilities.rank_zero][INFO] - Loaded model weights from the checkpoint at /public/home/ljt/tzc/ckpt/AR_ywj-mamba-1_4b/version_MQAR_C8192_N2048_D128/AR_ywj/MQAR_C8192_N2048_D128/checkpoints/last.ckpt
[2024-03-15 16:32:28,654][pytorch_lightning.utilities.rank_zero][INFO] - GPU available: True (cuda), used: True
[2024-03-15 16:32:28,654][pytorch_lightning.utilities.rank_zero][INFO] - TPU available: False, using: 0 TPU cores
[2024-03-15 16:32:28,654][pytorch_lightning.utilities.rank_zero][INFO] - IPU available: False, using: 0 IPUs
[2024-03-15 16:32:28,654][pytorch_lightning.utilities.rank_zero][INFO] - HPU available: False, using: 0 HPUs
[2024-03-15 16:32:28,666][pytorch_lightning.utilities.rank_zero][INFO] - You are using a CUDA device ('NVIDIA A100-PCIE-40GB') that has Tensor Cores. To properly utilize them, you should set `torch.set_float32_matmul_precision('medium' | 'high')` which will trade-off precision for performance. For more details, read https://pytorch.org/docs/stable/generated/torch.set_float32_matmul_precision.html#torch.set_float32_matmul_precision
[2024-03-15 16:32:29,071][pytorch_lightning.utilities.rank_zero][INFO] - Restoring states from the checkpoint path at /public/home/ljt/tzc/ckpt/AR_ywj-mamba-1_4b/version_MQAR_C8192_N2048_D128/AR_ywj/MQAR_C8192_N2048_D128/checkpoints/last.ckpt
[2024-03-15 16:32:34,136][pytorch_lightning.utilities.rank_zero][INFO] - Loaded model weights from the checkpoint at /public/home/ljt/tzc/ckpt/AR_ywj-mamba-1_4b/version_MQAR_C8192_N2048_D128/AR_ywj/MQAR_C8192_N2048_D128/checkpoints/last.ckpt
[2024-03-15 16:33:39,474][pytorch_lightning.utilities.rank_zero][INFO] - GPU available: True (cuda), used: True
[2024-03-15 16:33:39,474][pytorch_lightning.utilities.rank_zero][INFO] - TPU available: False, using: 0 TPU cores
[2024-03-15 16:33:39,474][pytorch_lightning.utilities.rank_zero][INFO] - IPU available: False, using: 0 IPUs
[2024-03-15 16:33:39,474][pytorch_lightning.utilities.rank_zero][INFO] - HPU available: False, using: 0 HPUs
[2024-03-15 16:33:39,484][pytorch_lightning.utilities.rank_zero][INFO] - You are using a CUDA device ('NVIDIA A100-PCIE-40GB') that has Tensor Cores. To properly utilize them, you should set `torch.set_float32_matmul_precision('medium' | 'high')` which will trade-off precision for performance. For more details, read https://pytorch.org/docs/stable/generated/torch.set_float32_matmul_precision.html#torch.set_float32_matmul_precision
[2024-03-15 16:33:39,854][pytorch_lightning.utilities.rank_zero][INFO] - Restoring states from the checkpoint path at /public/home/ljt/tzc/ckpt/AR_ywj-mamba-1_4b/version_MQAR_C8192_N2048_D128/AR_ywj/MQAR_C8192_N2048_D128/checkpoints/last.ckpt
[2024-03-15 16:33:44,665][pytorch_lightning.utilities.rank_zero][INFO] - Loaded model weights from the checkpoint at /public/home/ljt/tzc/ckpt/AR_ywj-mamba-1_4b/version_MQAR_C8192_N2048_D128/AR_ywj/MQAR_C8192_N2048_D128/checkpoints/last.ckpt
[2024-03-15 16:34:39,331][pytorch_lightning.utilities.rank_zero][INFO] - GPU available: True (cuda), used: True
[2024-03-15 16:34:39,332][pytorch_lightning.utilities.rank_zero][INFO] - TPU available: False, using: 0 TPU cores
[2024-03-15 16:34:39,332][pytorch_lightning.utilities.rank_zero][INFO] - IPU available: False, using: 0 IPUs
[2024-03-15 16:34:39,332][pytorch_lightning.utilities.rank_zero][INFO] - HPU available: False, using: 0 HPUs
[2024-03-15 16:34:39,350][pytorch_lightning.utilities.rank_zero][INFO] - You are using a CUDA device ('NVIDIA A100-PCIE-40GB') that has Tensor Cores. To properly utilize them, you should set `torch.set_float32_matmul_precision('medium' | 'high')` which will trade-off precision for performance. For more details, read https://pytorch.org/docs/stable/generated/torch.set_float32_matmul_precision.html#torch.set_float32_matmul_precision
[2024-03-15 16:34:39,787][pytorch_lightning.utilities.rank_zero][INFO] - Restoring states from the checkpoint path at /public/home/ljt/tzc/ckpt/AR_ywj-mamba-1_4b/version_MQAR_C8192_N2048_D128/AR_ywj/MQAR_C8192_N2048_D128/checkpoints/last.ckpt
[2024-03-15 16:34:45,051][pytorch_lightning.utilities.rank_zero][INFO] - Loaded model weights from the checkpoint at /public/home/ljt/tzc/ckpt/AR_ywj-mamba-1_4b/version_MQAR_C8192_N2048_D128/AR_ywj/MQAR_C8192_N2048_D128/checkpoints/last.ckpt
[2024-03-15 16:50:36,788][pytorch_lightning.utilities.rank_zero][INFO] - GPU available: True (cuda), used: True
[2024-03-15 16:50:36,788][pytorch_lightning.utilities.rank_zero][INFO] - TPU available: False, using: 0 TPU cores
[2024-03-15 16:50:36,788][pytorch_lightning.utilities.rank_zero][INFO] - IPU available: False, using: 0 IPUs
[2024-03-15 16:50:36,788][pytorch_lightning.utilities.rank_zero][INFO] - HPU available: False, using: 0 HPUs
[2024-03-15 16:50:36,800][pytorch_lightning.utilities.rank_zero][INFO] - You are using a CUDA device ('NVIDIA A100-PCIE-40GB') that has Tensor Cores. To properly utilize them, you should set `torch.set_float32_matmul_precision('medium' | 'high')` which will trade-off precision for performance. For more details, read https://pytorch.org/docs/stable/generated/torch.set_float32_matmul_precision.html#torch.set_float32_matmul_precision
[2024-03-15 16:50:37,782][pytorch_lightning.utilities.rank_zero][INFO] - Restoring states from the checkpoint path at /public/home/ljt/tzc/ckpt/AR_ywj-mamba-1_4b/version_MQAR_C8192_N2048_D128/AR_ywj/MQAR_C8192_N2048_D128/checkpoints/last.ckpt
[2024-03-15 16:50:44,509][pytorch_lightning.utilities.rank_zero][INFO] - Loaded model weights from the checkpoint at /public/home/ljt/tzc/ckpt/AR_ywj-mamba-1_4b/version_MQAR_C8192_N2048_D128/AR_ywj/MQAR_C8192_N2048_D128/checkpoints/last.ckpt
[2024-03-15 18:23:09,413][pytorch_lightning.utilities.rank_zero][INFO] - GPU available: True (cuda), used: True
[2024-03-15 18:23:09,413][pytorch_lightning.utilities.rank_zero][INFO] - TPU available: False, using: 0 TPU cores
[2024-03-15 18:23:09,413][pytorch_lightning.utilities.rank_zero][INFO] - IPU available: False, using: 0 IPUs
[2024-03-15 18:23:09,413][pytorch_lightning.utilities.rank_zero][INFO] - HPU available: False, using: 0 HPUs
[2024-03-15 18:23:09,426][pytorch_lightning.utilities.rank_zero][INFO] - You are using a CUDA device ('NVIDIA A100-PCIE-40GB') that has Tensor Cores. To properly utilize them, you should set `torch.set_float32_matmul_precision('medium' | 'high')` which will trade-off precision for performance. For more details, read https://pytorch.org/docs/stable/generated/torch.set_float32_matmul_precision.html#torch.set_float32_matmul_precision
[2024-03-15 18:42:00,927][pytorch_lightning.utilities.rank_zero][INFO] - GPU available: True (cuda), used: True
[2024-03-15 18:42:00,927][pytorch_lightning.utilities.rank_zero][INFO] - TPU available: False, using: 0 TPU cores
[2024-03-15 18:42:00,927][pytorch_lightning.utilities.rank_zero][INFO] - IPU available: False, using: 0 IPUs
[2024-03-15 18:42:00,927][pytorch_lightning.utilities.rank_zero][INFO] - HPU available: False, using: 0 HPUs
[2024-03-15 18:42:00,939][pytorch_lightning.utilities.rank_zero][INFO] - You are using a CUDA device ('NVIDIA A100-PCIE-40GB') that has Tensor Cores. To properly utilize them, you should set `torch.set_float32_matmul_precision('medium' | 'high')` which will trade-off precision for performance. For more details, read https://pytorch.org/docs/stable/generated/torch.set_float32_matmul_precision.html#torch.set_float32_matmul_precision
[2024-03-15 20:12:11,640][pytorch_lightning.utilities.rank_zero][INFO] - GPU available: True (cuda), used: True
[2024-03-15 20:12:11,640][pytorch_lightning.utilities.rank_zero][INFO] - TPU available: False, using: 0 TPU cores
[2024-03-15 20:12:11,640][pytorch_lightning.utilities.rank_zero][INFO] - IPU available: False, using: 0 IPUs
[2024-03-15 20:12:11,640][pytorch_lightning.utilities.rank_zero][INFO] - HPU available: False, using: 0 HPUs
[2024-03-15 20:32:50,401][pytorch_lightning.utilities.rank_zero][INFO] - GPU available: True (cuda), used: True
[2024-03-15 20:32:50,401][pytorch_lightning.utilities.rank_zero][INFO] - TPU available: False, using: 0 TPU cores
[2024-03-15 20:32:50,401][pytorch_lightning.utilities.rank_zero][INFO] - IPU available: False, using: 0 IPUs
[2024-03-15 20:32:50,401][pytorch_lightning.utilities.rank_zero][INFO] - HPU available: False, using: 0 HPUs
[2024-03-15 20:32:50,413][pytorch_lightning.utilities.rank_zero][INFO] - You are using a CUDA device ('NVIDIA A100-PCIE-40GB') that has Tensor Cores. To properly utilize them, you should set `torch.set_float32_matmul_precision('medium' | 'high')` which will trade-off precision for performance. For more details, read https://pytorch.org/docs/stable/generated/torch.set_float32_matmul_precision.html#torch.set_float32_matmul_precision
[2024-03-15 20:12:11,652][pytorch_lightning.utilities.rank_zero][INFO] - You are using a CUDA device ('NVIDIA A100-PCIE-40GB') that has Tensor Cores. To properly utilize them, you should set `torch.set_float32_matmul_precision('medium' | 'high')` which will trade-off precision for performance. For more details, read https://pytorch.org/docs/stable/generated/torch.set_float32_matmul_precision.html#torch.set_float32_matmul_precision
[2024-03-15 22:32:09,326][pytorch_lightning.utilities.rank_zero][INFO] - GPU available: True (cuda), used: True
[2024-03-15 22:32:09,327][pytorch_lightning.utilities.rank_zero][INFO] - TPU available: False, using: 0 TPU cores
[2024-03-15 22:32:09,327][pytorch_lightning.utilities.rank_zero][INFO] - IPU available: False, using: 0 IPUs
[2024-03-15 22:32:09,327][pytorch_lightning.utilities.rank_zero][INFO] - HPU available: False, using: 0 HPUs
[2024-03-15 22:32:09,337][pytorch_lightning.utilities.rank_zero][INFO] - You are using a CUDA device ('NVIDIA A100-PCIE-40GB') that has Tensor Cores. To properly utilize them, you should set `torch.set_float32_matmul_precision('medium' | 'high')` which will trade-off precision for performance. For more details, read https://pytorch.org/docs/stable/generated/torch.set_float32_matmul_precision.html#torch.set_float32_matmul_precision
[2024-03-15 22:33:01,347][pytorch_lightning.utilities.rank_zero][INFO] - GPU available: True (cuda), used: True
[2024-03-15 22:33:01,347][pytorch_lightning.utilities.rank_zero][INFO] - TPU available: False, using: 0 TPU cores
[2024-03-15 22:33:01,347][pytorch_lightning.utilities.rank_zero][INFO] - IPU available: False, using: 0 IPUs
[2024-03-15 22:33:01,347][pytorch_lightning.utilities.rank_zero][INFO] - HPU available: False, using: 0 HPUs
[2024-03-15 22:33:01,368][pytorch_lightning.utilities.rank_zero][INFO] - You are using a CUDA device ('NVIDIA A100-PCIE-40GB') that has Tensor Cores. To properly utilize them, you should set `torch.set_float32_matmul_precision('medium' | 'high')` which will trade-off precision for performance. For more details, read https://pytorch.org/docs/stable/generated/torch.set_float32_matmul_precision.html#torch.set_float32_matmul_precision
[2024-03-15 22:34:03,786][pytorch_lightning.utilities.rank_zero][INFO] - GPU available: True (cuda), used: True
[2024-03-15 22:34:03,787][pytorch_lightning.utilities.rank_zero][INFO] - TPU available: False, using: 0 TPU cores
[2024-03-15 22:34:03,787][pytorch_lightning.utilities.rank_zero][INFO] - IPU available: False, using: 0 IPUs
[2024-03-15 22:34:03,787][pytorch_lightning.utilities.rank_zero][INFO] - HPU available: False, using: 0 HPUs
[2024-03-15 22:34:03,798][pytorch_lightning.utilities.rank_zero][INFO] - You are using a CUDA device ('NVIDIA A100-PCIE-40GB') that has Tensor Cores. To properly utilize them, you should set `torch.set_float32_matmul_precision('medium' | 'high')` which will trade-off precision for performance. For more details, read https://pytorch.org/docs/stable/generated/torch.set_float32_matmul_precision.html#torch.set_float32_matmul_precision
[2024-03-15 22:35:07,871][pytorch_lightning.utilities.rank_zero][INFO] - GPU available: True (cuda), used: True
[2024-03-15 22:35:07,871][pytorch_lightning.utilities.rank_zero][INFO] - TPU available: False, using: 0 TPU cores
[2024-03-15 22:35:07,871][pytorch_lightning.utilities.rank_zero][INFO] - IPU available: False, using: 0 IPUs
[2024-03-15 22:35:07,871][pytorch_lightning.utilities.rank_zero][INFO] - HPU available: False, using: 0 HPUs
[2024-03-15 22:35:07,885][pytorch_lightning.utilities.rank_zero][INFO] - You are using a CUDA device ('NVIDIA A100-PCIE-40GB') that has Tensor Cores. To properly utilize them, you should set `torch.set_float32_matmul_precision('medium' | 'high')` which will trade-off precision for performance. For more details, read https://pytorch.org/docs/stable/generated/torch.set_float32_matmul_precision.html#torch.set_float32_matmul_precision
[2024-03-15 22:36:15,511][pytorch_lightning.utilities.rank_zero][INFO] - GPU available: True (cuda), used: True
[2024-03-15 22:36:15,511][pytorch_lightning.utilities.rank_zero][INFO] - TPU available: False, using: 0 TPU cores
[2024-03-15 22:36:15,511][pytorch_lightning.utilities.rank_zero][INFO] - IPU available: False, using: 0 IPUs
[2024-03-15 22:36:15,511][pytorch_lightning.utilities.rank_zero][INFO] - HPU available: False, using: 0 HPUs
[2024-03-15 22:36:15,522][pytorch_lightning.utilities.rank_zero][INFO] - You are using a CUDA device ('NVIDIA A100-PCIE-40GB') that has Tensor Cores. To properly utilize them, you should set `torch.set_float32_matmul_precision('medium' | 'high')` which will trade-off precision for performance. For more details, read https://pytorch.org/docs/stable/generated/torch.set_float32_matmul_precision.html#torch.set_float32_matmul_precision
[2024-03-15 22:37:21,418][pytorch_lightning.utilities.rank_zero][INFO] - GPU available: True (cuda), used: True
[2024-03-15 22:37:21,418][pytorch_lightning.utilities.rank_zero][INFO] - TPU available: False, using: 0 TPU cores
[2024-03-15 22:37:21,418][pytorch_lightning.utilities.rank_zero][INFO] - IPU available: False, using: 0 IPUs
[2024-03-15 22:37:21,418][pytorch_lightning.utilities.rank_zero][INFO] - HPU available: False, using: 0 HPUs
[2024-03-15 22:37:21,429][pytorch_lightning.utilities.rank_zero][INFO] - You are using a CUDA device ('NVIDIA A100-PCIE-40GB') that has Tensor Cores. To properly utilize them, you should set `torch.set_float32_matmul_precision('medium' | 'high')` which will trade-off precision for performance. For more details, read https://pytorch.org/docs/stable/generated/torch.set_float32_matmul_precision.html#torch.set_float32_matmul_precision
[2024-03-16 00:25:39,213][pytorch_lightning.utilities.rank_zero][INFO] - GPU available: True (cuda), used: True
[2024-03-16 00:25:39,214][pytorch_lightning.utilities.rank_zero][INFO] - TPU available: False, using: 0 TPU cores
[2024-03-16 00:25:39,214][pytorch_lightning.utilities.rank_zero][INFO] - IPU available: False, using: 0 IPUs
[2024-03-16 00:25:39,214][pytorch_lightning.utilities.rank_zero][INFO] - HPU available: False, using: 0 HPUs
[2024-03-16 00:25:39,226][pytorch_lightning.utilities.rank_zero][INFO] - You are using a CUDA device ('NVIDIA A100-PCIE-40GB') that has Tensor Cores. To properly utilize them, you should set `torch.set_float32_matmul_precision('medium' | 'high')` which will trade-off precision for performance. For more details, read https://pytorch.org/docs/stable/generated/torch.set_float32_matmul_precision.html#torch.set_float32_matmul_precision
[2024-03-16 02:20:16,394][pytorch_lightning.utilities.rank_zero][INFO] - GPU available: True (cuda), used: True
[2024-03-16 02:20:16,394][pytorch_lightning.utilities.rank_zero][INFO] - TPU available: False, using: 0 TPU cores
[2024-03-16 02:20:16,394][pytorch_lightning.utilities.rank_zero][INFO] - IPU available: False, using: 0 IPUs
[2024-03-16 02:20:16,395][pytorch_lightning.utilities.rank_zero][INFO] - HPU available: False, using: 0 HPUs
[2024-03-16 02:20:16,405][pytorch_lightning.utilities.rank_zero][INFO] - You are using a CUDA device ('NVIDIA A100-PCIE-40GB') that has Tensor Cores. To properly utilize them, you should set `torch.set_float32_matmul_precision('medium' | 'high')` which will trade-off precision for performance. For more details, read https://pytorch.org/docs/stable/generated/torch.set_float32_matmul_precision.html#torch.set_float32_matmul_precision
