[2024-03-10 20:27:00,288][pytorch_lightning.utilities.rank_zero][INFO] - `Trainer.fit` stopped: `max_steps=5` reached.
[2024-03-10 22:02:50,571][torch.distributed.nn.jit.instantiator][INFO] - Created a temporary directory at /tmp/tmp0kb6a43m
[2024-03-10 22:02:50,572][torch.distributed.nn.jit.instantiator][INFO] - Writing /tmp/tmp0kb6a43m/_remote_module_non_scriptable.py
[2024-03-10 22:02:50,637][torch.distributed.nn.jit.instantiator][INFO] - Created a temporary directory at /tmp/tmp7819zj3c
[2024-03-10 22:02:50,637][torch.distributed.nn.jit.instantiator][INFO] - Writing /tmp/tmp7819zj3c/_remote_module_non_scriptable.py
[2024-03-10 22:02:50,675][torch.distributed.nn.jit.instantiator][INFO] - Created a temporary directory at /tmp/tmpdvcik6be
[2024-03-10 22:02:50,675][torch.distributed.nn.jit.instantiator][INFO] - Writing /tmp/tmpdvcik6be/_remote_module_non_scriptable.py
[2024-03-10 22:02:50,680][torch.distributed.nn.jit.instantiator][INFO] - Created a temporary directory at /tmp/tmpl101l7gl
[2024-03-10 22:02:50,680][torch.distributed.nn.jit.instantiator][INFO] - Writing /tmp/tmpl101l7gl/_remote_module_non_scriptable.py
[2024-03-10 22:02:50,683][torch.distributed.nn.jit.instantiator][INFO] - Created a temporary directory at /tmp/tmp6zm01dz3
[2024-03-10 22:02:50,684][torch.distributed.nn.jit.instantiator][INFO] - Writing /tmp/tmp6zm01dz3/_remote_module_non_scriptable.py
[2024-03-10 22:02:50,791][torch.distributed.nn.jit.instantiator][INFO] - Created a temporary directory at /tmp/tmprjgon0ij
[2024-03-10 22:02:50,792][torch.distributed.nn.jit.instantiator][INFO] - Writing /tmp/tmprjgon0ij/_remote_module_non_scriptable.py
[2024-03-10 22:02:51,075][torch.distributed.nn.jit.instantiator][INFO] - Created a temporary directory at /tmp/tmpcodpj9yc
[2024-03-10 22:02:51,076][torch.distributed.nn.jit.instantiator][INFO] - Writing /tmp/tmpcodpj9yc/_remote_module_non_scriptable.py
[2024-03-10 22:02:58,083][torch.distributed.distributed_c10d][INFO] - Added key: store_based_barrier_key:1 to store for rank: 2
[2024-03-10 22:02:58,134][torch.distributed.distributed_c10d][INFO] - Added key: store_based_barrier_key:1 to store for rank: 3
[2024-03-10 22:02:58,135][torch.distributed.distributed_c10d][INFO] - Added key: store_based_barrier_key:1 to store for rank: 5
[2024-03-10 22:02:58,440][torch.distributed.distributed_c10d][INFO] - Added key: store_based_barrier_key:1 to store for rank: 1
[2024-03-10 22:02:58,440][torch.distributed.distributed_c10d][INFO] - Added key: store_based_barrier_key:1 to store for rank: 6
[2024-03-10 22:02:58,944][torch.distributed.distributed_c10d][INFO] - Added key: store_based_barrier_key:1 to store for rank: 0
[2024-03-10 22:02:58,947][torch.distributed.distributed_c10d][INFO] - Added key: store_based_barrier_key:1 to store for rank: 4
[2024-03-10 22:02:58,947][torch.distributed.distributed_c10d][INFO] - Rank 4: Completed store-based barrier for key:store_based_barrier_key:1 with 7 nodes.
[2024-03-10 22:02:58,954][torch.distributed.distributed_c10d][INFO] - Rank 0: Completed store-based barrier for key:store_based_barrier_key:1 with 7 nodes.
[2024-03-10 22:02:58,955][torch.distributed.distributed_c10d][INFO] - Rank 2: Completed store-based barrier for key:store_based_barrier_key:1 with 7 nodes.
[2024-03-10 22:02:58,956][torch.distributed.distributed_c10d][INFO] - Rank 3: Completed store-based barrier for key:store_based_barrier_key:1 with 7 nodes.
[2024-03-10 22:02:58,957][torch.distributed.distributed_c10d][INFO] - Rank 5: Completed store-based barrier for key:store_based_barrier_key:1 with 7 nodes.
[2024-03-10 22:02:58,957][torch.distributed.distributed_c10d][INFO] - Rank 1: Completed store-based barrier for key:store_based_barrier_key:1 with 7 nodes.
[2024-03-10 22:02:58,957][torch.distributed.distributed_c10d][INFO] - Rank 6: Completed store-based barrier for key:store_based_barrier_key:1 with 7 nodes.
[2024-03-10 22:05:03,034][torch.distributed.nn.jit.instantiator][INFO] - Created a temporary directory at /tmp/tmppt_l29gl
[2024-03-10 22:05:03,034][torch.distributed.nn.jit.instantiator][INFO] - Created a temporary directory at /tmp/tmp3llz_j0m
[2024-03-10 22:05:03,034][torch.distributed.nn.jit.instantiator][INFO] - Created a temporary directory at /tmp/tmprp2n1a8n
[2024-03-10 22:05:03,034][torch.distributed.nn.jit.instantiator][INFO] - Created a temporary directory at /tmp/tmp6d9a178o
[2024-03-10 22:05:03,035][torch.distributed.nn.jit.instantiator][INFO] - Writing /tmp/tmppt_l29gl/_remote_module_non_scriptable.py
[2024-03-10 22:05:03,035][torch.distributed.nn.jit.instantiator][INFO] - Writing /tmp/tmp3llz_j0m/_remote_module_non_scriptable.py
[2024-03-10 22:05:03,035][torch.distributed.nn.jit.instantiator][INFO] - Writing /tmp/tmprp2n1a8n/_remote_module_non_scriptable.py
[2024-03-10 22:05:03,035][torch.distributed.nn.jit.instantiator][INFO] - Writing /tmp/tmp6d9a178o/_remote_module_non_scriptable.py
[2024-03-10 22:05:03,186][torch.distributed.nn.jit.instantiator][INFO] - Created a temporary directory at /tmp/tmpu5syw0ou
[2024-03-10 22:05:03,186][torch.distributed.nn.jit.instantiator][INFO] - Writing /tmp/tmpu5syw0ou/_remote_module_non_scriptable.py
[2024-03-10 22:05:03,375][torch.distributed.nn.jit.instantiator][INFO] - Created a temporary directory at /tmp/tmp1hrgkg7o
[2024-03-10 22:05:03,376][torch.distributed.nn.jit.instantiator][INFO] - Writing /tmp/tmp1hrgkg7o/_remote_module_non_scriptable.py
[2024-03-10 22:05:03,532][torch.distributed.nn.jit.instantiator][INFO] - Created a temporary directory at /tmp/tmp8fzzuorj
[2024-03-10 22:05:03,533][torch.distributed.nn.jit.instantiator][INFO] - Writing /tmp/tmp8fzzuorj/_remote_module_non_scriptable.py
[2024-03-10 22:05:11,643][torch.distributed.distributed_c10d][INFO] - Added key: store_based_barrier_key:1 to store for rank: 6
[2024-03-10 22:05:11,643][torch.distributed.distributed_c10d][INFO] - Added key: store_based_barrier_key:1 to store for rank: 5
[2024-03-10 22:05:11,645][torch.distributed.distributed_c10d][INFO] - Added key: store_based_barrier_key:1 to store for rank: 2
[2024-03-10 22:05:12,212][torch.distributed.distributed_c10d][INFO] - Added key: store_based_barrier_key:1 to store for rank: 0
[2024-03-10 22:05:12,285][torch.distributed.distributed_c10d][INFO] - Added key: store_based_barrier_key:1 to store for rank: 3
[2024-03-10 22:05:12,285][torch.distributed.distributed_c10d][INFO] - Added key: store_based_barrier_key:1 to store for rank: 1
[2024-03-10 22:05:12,479][torch.distributed.distributed_c10d][INFO] - Added key: store_based_barrier_key:1 to store for rank: 4
[2024-03-10 22:05:12,480][torch.distributed.distributed_c10d][INFO] - Rank 4: Completed store-based barrier for key:store_based_barrier_key:1 with 7 nodes.
[2024-03-10 22:05:12,484][torch.distributed.distributed_c10d][INFO] - Rank 6: Completed store-based barrier for key:store_based_barrier_key:1 with 7 nodes.
[2024-03-10 22:05:12,484][torch.distributed.distributed_c10d][INFO] - Rank 5: Completed store-based barrier for key:store_based_barrier_key:1 with 7 nodes.
[2024-03-10 22:05:12,486][torch.distributed.distributed_c10d][INFO] - Rank 0: Completed store-based barrier for key:store_based_barrier_key:1 with 7 nodes.
[2024-03-10 22:05:12,486][torch.distributed.distributed_c10d][INFO] - Rank 2: Completed store-based barrier for key:store_based_barrier_key:1 with 7 nodes.
[2024-03-10 22:05:12,488][torch.distributed.distributed_c10d][INFO] - Rank 3: Completed store-based barrier for key:store_based_barrier_key:1 with 7 nodes.
[2024-03-10 22:05:12,489][torch.distributed.distributed_c10d][INFO] - Rank 1: Completed store-based barrier for key:store_based_barrier_key:1 with 7 nodes.
[2024-03-10 22:06:30,893][torch.distributed.nn.jit.instantiator][INFO] - Created a temporary directory at /tmp/tmp4bslmjcf
[2024-03-10 22:06:30,894][torch.distributed.nn.jit.instantiator][INFO] - Writing /tmp/tmp4bslmjcf/_remote_module_non_scriptable.py
[2024-03-10 22:06:38,926][torch.distributed.distributed_c10d][INFO] - Added key: store_based_barrier_key:1 to store for rank: 0
[2024-03-10 22:06:38,926][torch.distributed.distributed_c10d][INFO] - Rank 0: Completed store-based barrier for key:store_based_barrier_key:1 with 1 nodes.
[2024-03-10 22:07:10,183][torch.distributed.nn.jit.instantiator][INFO] - Created a temporary directory at /tmp/tmpocyx4jxb
[2024-03-10 22:07:10,184][torch.distributed.nn.jit.instantiator][INFO] - Writing /tmp/tmpocyx4jxb/_remote_module_non_scriptable.py
[2024-03-10 22:07:19,482][torch.distributed.distributed_c10d][INFO] - Added key: store_based_barrier_key:1 to store for rank: 0
[2024-03-10 22:07:19,482][torch.distributed.distributed_c10d][INFO] - Rank 0: Completed store-based barrier for key:store_based_barrier_key:1 with 1 nodes.
[2024-03-10 22:08:44,548][torch.distributed.nn.jit.instantiator][INFO] - Created a temporary directory at /tmp/tmpg77mnpom
[2024-03-10 22:08:44,548][torch.distributed.nn.jit.instantiator][INFO] - Writing /tmp/tmpg77mnpom/_remote_module_non_scriptable.py
[2024-03-10 22:08:52,729][torch.distributed.distributed_c10d][INFO] - Added key: store_based_barrier_key:1 to store for rank: 0
[2024-03-10 22:08:52,729][torch.distributed.distributed_c10d][INFO] - Rank 0: Completed store-based barrier for key:store_based_barrier_key:1 with 1 nodes.
[2024-03-10 22:15:02,278][torch.distributed.nn.jit.instantiator][INFO] - Created a temporary directory at /tmp/tmpzbwacgpj
[2024-03-10 22:15:02,278][torch.distributed.nn.jit.instantiator][INFO] - Writing /tmp/tmpzbwacgpj/_remote_module_non_scriptable.py
[2024-03-10 22:15:10,455][torch.distributed.distributed_c10d][INFO] - Added key: store_based_barrier_key:1 to store for rank: 0
[2024-03-10 22:15:10,455][torch.distributed.distributed_c10d][INFO] - Rank 0: Completed store-based barrier for key:store_based_barrier_key:1 with 1 nodes.
[2024-03-10 22:19:15,384][torch.distributed.nn.jit.instantiator][INFO] - Created a temporary directory at /tmp/tmpz3pcbxct
[2024-03-10 22:19:15,384][torch.distributed.nn.jit.instantiator][INFO] - Writing /tmp/tmpz3pcbxct/_remote_module_non_scriptable.py
[2024-03-10 22:19:23,401][torch.distributed.distributed_c10d][INFO] - Added key: store_based_barrier_key:1 to store for rank: 0
[2024-03-10 22:19:23,401][torch.distributed.distributed_c10d][INFO] - Rank 0: Completed store-based barrier for key:store_based_barrier_key:1 with 1 nodes.
[2024-03-10 22:20:09,501][torch.nn.parallel.distributed][INFO] - Reducer buckets have been rebuilt in this iteration.
[2024-03-10 22:20:27,991][torch.distributed.nn.jit.instantiator][INFO] - Created a temporary directory at /tmp/tmprx_v51o6
[2024-03-10 22:20:27,992][torch.distributed.nn.jit.instantiator][INFO] - Writing /tmp/tmprx_v51o6/_remote_module_non_scriptable.py
[2024-03-10 22:27:34,731][torch.distributed.nn.jit.instantiator][INFO] - Created a temporary directory at /tmp/tmpg3y26qdp
[2024-03-10 22:27:34,731][torch.distributed.nn.jit.instantiator][INFO] - Writing /tmp/tmpg3y26qdp/_remote_module_non_scriptable.py
[2024-03-10 22:27:51,319][torch.distributed.nn.jit.instantiator][INFO] - Created a temporary directory at /tmp/tmp47s2tv4u
[2024-03-10 22:27:51,320][torch.distributed.nn.jit.instantiator][INFO] - Writing /tmp/tmp47s2tv4u/_remote_module_non_scriptable.py
[2024-03-10 22:28:49,741][pytorch_lightning.utilities.rank_zero][INFO] - `Trainer.fit` stopped: `max_steps=5` reached.
[2024-03-10 22:30:47,319][torch.distributed.nn.jit.instantiator][INFO] - Created a temporary directory at /tmp/tmp346kpjd2
[2024-03-10 22:30:47,319][torch.distributed.nn.jit.instantiator][INFO] - Writing /tmp/tmp346kpjd2/_remote_module_non_scriptable.py
[2024-03-10 22:34:07,966][torch.distributed.nn.jit.instantiator][INFO] - Created a temporary directory at /tmp/tmphg9kkep2
[2024-03-10 22:34:07,966][torch.distributed.nn.jit.instantiator][INFO] - Writing /tmp/tmphg9kkep2/_remote_module_non_scriptable.py
[2024-03-10 22:34:16,504][torch.distributed.distributed_c10d][INFO] - Added key: store_based_barrier_key:1 to store for rank: 0
[2024-03-10 22:34:16,505][torch.distributed.distributed_c10d][INFO] - Rank 0: Completed store-based barrier for key:store_based_barrier_key:1 with 1 nodes.
[2024-03-10 22:34:17,953][torch.distributed.nn.jit.instantiator][INFO] - Created a temporary directory at /tmp/tmpo9f0xtjp
[2024-03-10 22:34:17,953][torch.distributed.nn.jit.instantiator][INFO] - Writing /tmp/tmpo9f0xtjp/_remote_module_non_scriptable.py
[2024-03-10 22:34:26,207][torch.distributed.distributed_c10d][INFO] - Added key: store_based_barrier_key:1 to store for rank: 0
[2024-03-10 22:34:26,207][torch.distributed.distributed_c10d][INFO] - Rank 0: Completed store-based barrier for key:store_based_barrier_key:1 with 1 nodes.
[2024-03-10 22:35:06,908][torch.nn.parallel.distributed][INFO] - Reducer buckets have been rebuilt in this iteration.
[2024-03-10 22:45:25,508][torch.distributed.nn.jit.instantiator][INFO] - Created a temporary directory at /tmp/tmp1vq32mx2
[2024-03-10 22:45:25,509][torch.distributed.nn.jit.instantiator][INFO] - Writing /tmp/tmp1vq32mx2/_remote_module_non_scriptable.py
[2024-03-10 22:45:32,480][torch.distributed.distributed_c10d][INFO] - Added key: store_based_barrier_key:1 to store for rank: 0
[2024-03-10 22:45:32,480][torch.distributed.distributed_c10d][INFO] - Rank 0: Completed store-based barrier for key:store_based_barrier_key:1 with 1 nodes.
[2024-03-10 22:53:04,447][torch.distributed.nn.jit.instantiator][INFO] - Created a temporary directory at /tmp/tmp57o0q5fs
[2024-03-10 22:53:04,448][torch.distributed.nn.jit.instantiator][INFO] - Writing /tmp/tmp57o0q5fs/_remote_module_non_scriptable.py
[2024-03-10 22:53:11,564][torch.distributed.distributed_c10d][INFO] - Added key: store_based_barrier_key:1 to store for rank: 0
[2024-03-10 22:53:11,564][torch.distributed.distributed_c10d][INFO] - Rank 0: Completed store-based barrier for key:store_based_barrier_key:1 with 1 nodes.
[2024-03-10 22:56:49,802][torch.distributed.nn.jit.instantiator][INFO] - Created a temporary directory at /tmp/tmp6fd9zsts
[2024-03-10 22:56:49,802][torch.distributed.nn.jit.instantiator][INFO] - Writing /tmp/tmp6fd9zsts/_remote_module_non_scriptable.py
[2024-03-10 22:56:56,626][torch.distributed.distributed_c10d][INFO] - Added key: store_based_barrier_key:1 to store for rank: 0
[2024-03-10 22:56:56,626][torch.distributed.distributed_c10d][INFO] - Rank 0: Completed store-based barrier for key:store_based_barrier_key:1 with 1 nodes.
[2024-03-10 22:57:34,527][torch.nn.parallel.distributed][INFO] - Reducer buckets have been rebuilt in this iteration.
[2024-03-10 22:57:41,906][pytorch_lightning.utilities.rank_zero][INFO] - `Trainer.fit` stopped: `max_steps=5` reached.
[2024-03-10 22:59:23,797][torch.distributed.nn.jit.instantiator][INFO] - Created a temporary directory at /tmp/tmpcjc37kyd
[2024-03-10 22:59:23,797][torch.distributed.nn.jit.instantiator][INFO] - Writing /tmp/tmpcjc37kyd/_remote_module_non_scriptable.py
[2024-03-10 22:59:31,458][torch.distributed.distributed_c10d][INFO] - Added key: store_based_barrier_key:1 to store for rank: 0
[2024-03-10 22:59:31,458][torch.distributed.distributed_c10d][INFO] - Rank 0: Completed store-based barrier for key:store_based_barrier_key:1 with 1 nodes.
[2024-03-10 23:16:32,801][torch.distributed.nn.jit.instantiator][INFO] - Created a temporary directory at /tmp/tmpr_0owhxr
[2024-03-10 23:16:32,802][torch.distributed.nn.jit.instantiator][INFO] - Writing /tmp/tmpr_0owhxr/_remote_module_non_scriptable.py
[2024-03-10 23:16:41,203][torch.distributed.distributed_c10d][INFO] - Added key: store_based_barrier_key:1 to store for rank: 0
[2024-03-10 23:16:41,203][torch.distributed.distributed_c10d][INFO] - Rank 0: Completed store-based barrier for key:store_based_barrier_key:1 with 1 nodes.
[2024-03-10 23:18:24,266][torch.distributed.nn.jit.instantiator][INFO] - Created a temporary directory at /tmp/tmp_g0ncath
[2024-03-10 23:18:24,266][torch.distributed.nn.jit.instantiator][INFO] - Writing /tmp/tmp_g0ncath/_remote_module_non_scriptable.py
[2024-03-10 23:18:32,338][torch.distributed.distributed_c10d][INFO] - Added key: store_based_barrier_key:1 to store for rank: 0
[2024-03-10 23:18:32,338][torch.distributed.distributed_c10d][INFO] - Rank 0: Completed store-based barrier for key:store_based_barrier_key:1 with 1 nodes.
[2024-03-10 23:19:13,444][torch.nn.parallel.distributed][INFO] - Reducer buckets have been rebuilt in this iteration.
[2024-03-10 23:19:21,190][pytorch_lightning.utilities.rank_zero][INFO] - `Trainer.fit` stopped: `max_steps=5` reached.
[2024-03-11 00:45:42,151][torch.distributed.nn.jit.instantiator][INFO] - Created a temporary directory at /tmp/tmp5vaayfsh
[2024-03-11 00:45:42,151][torch.distributed.nn.jit.instantiator][INFO] - Writing /tmp/tmp5vaayfsh/_remote_module_non_scriptable.py
[2024-03-11 00:45:50,164][torch.distributed.distributed_c10d][INFO] - Added key: store_based_barrier_key:1 to store for rank: 0
[2024-03-11 00:45:50,164][torch.distributed.distributed_c10d][INFO] - Rank 0: Completed store-based barrier for key:store_based_barrier_key:1 with 1 nodes.
[2024-03-11 00:50:41,808][torch.distributed.nn.jit.instantiator][INFO] - Created a temporary directory at /tmp/tmpu2rv8ta8
[2024-03-11 00:50:41,808][torch.distributed.nn.jit.instantiator][INFO] - Writing /tmp/tmpu2rv8ta8/_remote_module_non_scriptable.py
[2024-03-11 00:50:49,919][torch.distributed.distributed_c10d][INFO] - Added key: store_based_barrier_key:1 to store for rank: 0
[2024-03-11 00:50:49,920][torch.distributed.distributed_c10d][INFO] - Rank 0: Completed store-based barrier for key:store_based_barrier_key:1 with 1 nodes.
[2024-03-11 00:52:19,423][torch.distributed.nn.jit.instantiator][INFO] - Created a temporary directory at /tmp/tmpekypm83v
[2024-03-11 00:52:19,423][torch.distributed.nn.jit.instantiator][INFO] - Writing /tmp/tmpekypm83v/_remote_module_non_scriptable.py
[2024-03-11 00:52:28,736][torch.distributed.distributed_c10d][INFO] - Added key: store_based_barrier_key:1 to store for rank: 0
[2024-03-11 00:52:28,736][torch.distributed.distributed_c10d][INFO] - Rank 0: Completed store-based barrier for key:store_based_barrier_key:1 with 1 nodes.
[2024-03-11 00:53:08,251][torch.nn.parallel.distributed][INFO] - Reducer buckets have been rebuilt in this iteration.
[2024-03-11 00:53:16,786][pytorch_lightning.utilities.rank_zero][INFO] - `Trainer.fit` stopped: `max_steps=5` reached.
[2024-03-11 00:54:49,273][torch.distributed.nn.jit.instantiator][INFO] - Created a temporary directory at /tmp/tmpm68fn2ji
[2024-03-11 00:54:49,273][torch.distributed.nn.jit.instantiator][INFO] - Writing /tmp/tmpm68fn2ji/_remote_module_non_scriptable.py
[2024-03-11 00:54:57,377][torch.distributed.distributed_c10d][INFO] - Added key: store_based_barrier_key:1 to store for rank: 0
[2024-03-11 00:54:57,378][torch.distributed.distributed_c10d][INFO] - Rank 0: Completed store-based barrier for key:store_based_barrier_key:1 with 1 nodes.
[2024-03-11 00:57:58,130][torch.distributed.nn.jit.instantiator][INFO] - Created a temporary directory at /tmp/tmp8f01f322
[2024-03-11 00:57:58,130][torch.distributed.nn.jit.instantiator][INFO] - Writing /tmp/tmp8f01f322/_remote_module_non_scriptable.py
[2024-03-11 00:59:34,911][torch.distributed.nn.jit.instantiator][INFO] - Created a temporary directory at /tmp/tmp5p6r05qs
[2024-03-11 00:59:34,911][torch.distributed.nn.jit.instantiator][INFO] - Writing /tmp/tmp5p6r05qs/_remote_module_non_scriptable.py
[2024-03-11 00:59:43,011][torch.distributed.distributed_c10d][INFO] - Added key: store_based_barrier_key:1 to store for rank: 0
[2024-03-11 00:59:43,011][torch.distributed.distributed_c10d][INFO] - Rank 0: Completed store-based barrier for key:store_based_barrier_key:1 with 1 nodes.
